[2024-11-06 23:57:19,064][avhubert.hubert_pretraining][INFO] - current directory is /gpfs/projects/bsc88/speech/research/repos/av_hubert/avhubert/outputs/2024-11-06/23-57-16
[2024-11-06 23:57:19,064][avhubert.hubert_pretraining][INFO] - AVHubertPretrainingTask Config {'_name': 'av_hubert_pretraining', 'data': '/checkpoint/anwarvic/data/av-mtedx/manifests/es', 'input_modality': '???', 'labels': ['es'], 'label_dir': '/checkpoint/anwarvic/data/av-mtedx/labels/es-unigram1000', 'label_rate': -1, 'sample_rate': 25, 'normalize': True, 'enable_padding': False, 'max_sample_size': 500, 'min_sample_size': None, 'max_trim_sample_size': 500, 'single_target': True, 'random_crop': False, 'pad_audio': True, 'pdb': False, 'stack_order_audio': 4, 'skip_verify': False, 'image_aug': True, 'image_crop_size': 88, 'image_mean': 0.421, 'image_std': 0.165, 'modalities': ['audio', 'video'], 'is_s2s': True, 'tokenizer_bpe_name': 'sentencepiece', 'tokenizer_bpe_model': '/checkpoint/anwarvic/data/av-mtedx/labels/es-unigram1000/spm_unigram.model', 'noise_wav': '/checkpoint/wnhsu/data/avhubert/manifests/noise/musan/all-for-training', 'noise_prob': 0.25, 'noise_snr': '0', 'noise_num': 1, 'fine_tuning': True}
[2024-11-06 23:57:19,095][avhubert.hubert_pretraining][INFO] - current directory is /gpfs/projects/bsc88/speech/research/repos/av_hubert/avhubert/outputs/2024-11-06/23-57-16
[2024-11-06 23:57:19,096][avhubert.hubert_pretraining][INFO] - AVHubertPretrainingTask Config {'_name': 'av_hubert_pretraining', 'data': '/checkpoint/anwarvic/data/av-mtedx/manifests/es', 'input_modality': 'image', 'labels': ['km'], 'label_dir': '/checkpoint/bshi/data/lrs3//video/hubert/stitch-iters/envox-iter4-l12c2000/', 'label_rate': 25, 'sample_rate': 25, 'normalize': True, 'enable_padding': False, 'max_sample_size': 2000, 'min_sample_size': 5, 'max_trim_sample_size': 400, 'single_target': False, 'random_crop': True, 'pad_audio': False, 'pdb': False, 'stack_order_audio': 4, 'skip_verify': False, 'image_aug': True, 'image_crop_size': 88, 'image_mean': 0.421, 'image_std': 0.165, 'modalities': ['audio', 'video'], 'is_s2s': False, 'tokenizer_bpe_name': None, 'tokenizer_bpe_model': None, 'noise_wav': '/checkpoint/bshi/data/lrs3//audio/noise/tsv/musan-lgall/', 'noise_prob': 0.25, 'noise_snr': '0', 'noise_num': 1, 'fine_tuning': True}
[2024-11-06 23:57:19,101][avhubert.hubert][INFO] - HubertModel Config: {'_name': 'av_hubert', 'label_rate': 25, 'input_modality': '${task.input_modality}', 'extractor_mode': default, 'encoder_layers': 24, 'encoder_embed_dim': 1024, 'encoder_ffn_embed_dim': 4096, 'encoder_attention_heads': 16, 'activation_fn': gelu, 'dropout': 0.1, 'attention_dropout': 0.1, 'activation_dropout': 0.0, 'encoder_layerdrop': 0.05, 'dropout_input': 0.1, 'dropout_features': 0.1, 'final_dim': 256, 'untie_final_proj': True, 'layer_norm_first': True, 'conv_feature_layers': '[(512,10,5)] + [(512,3,2)] * 4 + [(512,2,2)] * 2', 'conv_bias': False, 'logit_temp': 0.1, 'target_glu': False, 'feature_grad_mult': 0.1, 'mask_length_audio': 10, 'mask_prob_audio': 0.8, 'mask_length_image': 5, 'mask_prob_image': 0.3, 'mask_selection': static, 'mask_other': 0.0, 'no_mask_overlap': False, 'mask_min_space': 1, 'mask_channel_length': 10, 'mask_channel_prob': 0.0, 'mask_channel_selection': static, 'mask_channel_other': 0.0, 'no_mask_channel_overlap': False, 'mask_channel_min_space': 1, 'conv_pos': 128, 'conv_pos_groups': 16, 'latent_temp': [2.0, 0.5, 0.999995], 'skip_masked': False, 'skip_nomask': False, 'resnet_relu_type': 'prelu', 'resnet_weights': None, 'sim_type': 'cosine', 'sub_encoder_layers': 0, 'audio_feat_dim': 104, 'modality_dropout': 0.5, 'audio_dropout': 0.5, 'modality_fuse': 'concat', 'selection_type': 'same_seq', 'masking_type': 'input', 'decoder_embed_dim': 768, 'decoder_ffn_embed_dim': 3072, 'decoder_layers': 6, 'decoder_layerdrop': 0.0, 'decoder_attention_heads': 4, 'decoder_learned_pos': False, 'decoder_normalize_before': False, 'no_token_positional_embeddings': False, 'decoder_dropout': 0.1, 'decoder_attention_dropout': 0.1, 'decoder_activation_dropout': 0.0, 'max_target_positions': 2048, 'share_decoder_input_output_embed': False, 'no_scale_embedding': True, 'required_seq_len_multiple': 1, 'layer_type': transformer, 'checkpoint_activations': False}
[2024-11-06 23:57:22,654][hybrid.speech_recognize][INFO] - {'_name': None, 'task': None, 'generation': {'_name': None, 'beam': 20, 'nbest': 1, 'max_len_a': 1.0, 'max_len_b': 0, 'min_len': 1, 'match_source_len': False, 'unnormalized': False, 'no_early_stop': False, 'no_beamable_mm': False, 'lenpen': 1.0, 'unkpen': 0.0, 'replace_unk': None, 'sacrebleu': False, 'score_reference': False, 'prefix_size': 0, 'no_repeat_ngram_size': 0, 'sampling': False, 'sampling_topk': -1, 'sampling_topp': -1.0, 'constraints': None, 'temperature': 1.0, 'diverse_beam_groups': -1, 'diverse_beam_strength': 0.5, 'diversity_rate': -1.0, 'print_alignment': None, 'print_step': False, 'lm_path': None, 'lm_weight': 0.0, 'iter_decode_eos_penalty': 0.0, 'iter_decode_max_iter': 10, 'iter_decode_force_max_iter': False, 'iter_decode_with_beam': 1, 'iter_decode_with_external_reranker': False, 'retain_iter_history': False, 'retain_dropout': False, 'retain_dropout_modules': None, 'decoding_format': None, 'no_seed_provided': False}, 'common': {'_name': None, 'no_progress_bar': False, 'log_interval': 100, 'log_format': None, 'log_file': None, 'tensorboard_logdir': None, 'wandb_project': None, 'azureml_logging': False, 'seed': 1, 'cpu': False, 'tpu': False, 'bf16': False, 'memory_efficient_bf16': False, 'fp16': False, 'memory_efficient_fp16': False, 'fp16_no_flatten_grads': False, 'fp16_init_scale': 128, 'fp16_scale_window': None, 'fp16_scale_tolerance': 0.0, 'on_cpu_convert_precision': False, 'min_loss_scale': 0.0001, 'threshold_loss_scale': None, 'amp': False, 'amp_batch_retries': 2, 'amp_init_scale': 128, 'amp_scale_window': None, 'user_dir': '/gpfs/projects/bsc88/speech/research/repos/av_hubert/avhubert', 'empty_cache_freq': 0, 'all_gather_list_size': 16384, 'model_parallel_size': 1, 'quantization_config_path': None, 'profile': False, 'reset_logging': False, 'suppress_crashes': False, 'use_plasma_view': False, 'plasma_path': '/tmp/plasma'}, 'common_eval': {'_name': None, 'path': '/gpfs/projects/bsc88/speech/research/repos/av_hubert/avhubert/checkpoints/AVSR_Finetuned_Models/Spanish_ES/best_ckpt.pt', 'post_process': None, 'quiet': False, 'model_overrides': '{}', 'results_path': '/gpfs/projects/bsc88/speech/research/repos/av_hubert/avhubert/experiment/decode/s2s/test'}, 'checkpoint': {'_name': None, 'save_dir': 'checkpoints', 'restore_file': 'checkpoint_last.pt', 'continue_once': None, 'finetune_from_model': None, 'reset_dataloader': False, 'reset_lr_scheduler': False, 'reset_meters': False, 'reset_optimizer': False, 'optimizer_overrides': '{}', 'save_interval': 1, 'save_interval_updates': 0, 'keep_interval_updates': -1, 'keep_interval_updates_pattern': -1, 'keep_last_epochs': -1, 'keep_best_checkpoints': -1, 'no_save': False, 'no_epoch_checkpoints': False, 'no_last_checkpoints': False, 'no_save_optimizer_state': False, 'best_checkpoint_metric': 'loss', 'maximize_best_checkpoint_metric': False, 'patience': -1, 'checkpoint_suffix': '', 'checkpoint_shard_count': 1, 'load_checkpoint_on_all_dp_ranks': False, 'write_checkpoints_asynchronously': False, 'model_parallel_size': 1}, 'distributed_training': {'_name': None, 'distributed_world_size': 1, 'distributed_num_procs': 1, 'distributed_rank': 0, 'distributed_backend': 'nccl', 'distributed_init_method': None, 'distributed_port': -1, 'device_id': 0, 'distributed_no_spawn': False, 'ddp_backend': 'pytorch_ddp', 'ddp_comm_hook': 'none', 'bucket_cap_mb': 25, 'fix_batches_to_gpus': False, 'find_unused_parameters': False, 'gradient_as_bucket_view': False, 'fast_stat_sync': False, 'heartbeat_timeout': -1, 'broadcast_buffers': False, 'slowmo_momentum': None, 'slowmo_base_algorithm': 'localsgd', 'localsgd_frequency': 3, 'nprocs_per_node': 1, 'pipeline_model_parallel': False, 'pipeline_balance': None, 'pipeline_devices': None, 'pipeline_chunks': 0, 'pipeline_encoder_balance': None, 'pipeline_encoder_devices': None, 'pipeline_decoder_balance': None, 'pipeline_decoder_devices': None, 'pipeline_checkpoint': 'never', 'zero_sharding': 'none', 'fp16': False, 'memory_efficient_fp16': False, 'tpu': False, 'no_reshard_after_forward': False, 'fp32_reduce_scatter': False, 'cpu_offload': False, 'use_sharded_state': False, 'not_fsdp_flatten_parameters': False}, 'dataset': {'_name': None, 'num_workers': 0, 'skip_invalid_size_inputs_valid_test': False, 'max_tokens': 1000, 'batch_size': None, 'required_batch_size_multiple': 8, 'required_seq_len_multiple': 1, 'dataset_impl': None, 'data_buffer_size': 10, 'train_subset': 'train', 'valid_subset': 'valid', 'combine_valid_subsets': None, 'ignore_unused_valid_subsets': False, 'validate_interval': 1, 'validate_interval_updates': 0, 'validate_after_updates': 0, 'fixed_validation_seed': None, 'disable_validation': False, 'max_tokens_valid': 1000, 'batch_size_valid': None, 'max_valid_steps': None, 'curriculum': 0, 'gen_subset': 'test', 'num_shards': 1, 'shard_id': 0, 'grouped_shuffling': False, 'update_epoch_batch_itr': False, 'update_ordered_indices_seed': False}, 'override': {'_name': None, 'noise_wav': None, 'noise_prob': 0.0, 'noise_snr': 0.0, 'modalities': ['video', 'audio'], 'data': '/gpfs/projects/bsc88/speech/research/repos/av_hubert/avhubert/data/datasets/dataset_ES/LIP_RTVE/model_data', 'label_dir': '/gpfs/projects/bsc88/speech/research/repos/av_hubert/avhubert/data/datasets/dataset_ES/LIP_RTVE/model_data', 'labels': ['wrd'], 'eval_bleu': False, 'tokenizer_bpe_model': '/gpfs/projects/bsc88/speech/research/repos/av_hubert/avhubert/checkpoints/AVSR_Finetuned_Models/Spanish_ES/tokenizer.model'}, 'is_ax': False}
[2024-11-06 23:57:22,658][avhubert.hubert_pretraining][INFO] - Using tokenizer
[2024-11-06 23:57:22,665][avhubert.hubert_dataset][INFO] - max_keep=1000, min_keep=0, loaded 2832, skipped 0 short and 0 long and 0 unaligned, longest-loaded=392, shortest-loaded=25
[2024-11-06 23:57:22,666][avhubert.hubert_dataset][INFO] - /gpfs/projects/bsc88/speech/research/repos/av_hubert/avhubert/data/datasets/dataset_ES/LIP_RTVE/model_data/test.wrd is sequence label. skipped
[2024-11-06 23:57:22,666][avhubert.hubert_dataset][INFO] - image transform: Compose(
    Normalize(mean=0.0, std=255.0)
    <avhubert.utils.CenterCrop object at 0x7f8477ca0310>
    Normalize(mean=0.421, std=0.165)
)
[2024-11-06 23:57:22,666][avhubert.hubert_dataset][INFO] - pad_audio=True, random_crop=False, normalize=True, max_sample_size=500, seqs2seq data=True,
[2024-11-06 23:57:22,666][avhubert.hubert_dataset][INFO] - Noise wav: None->0 wav, Prob: 0.0, SNR: 0.0, Number of mixture: 1
[2024-11-06 23:57:24,337][hybrid.speech_recognize][INFO] - 
REF:ademas tambien los servicios de mantenimiento han tenido que rociar las carreteras de algunas comarcas de la provincia de malaga como la de ronda la de antequera la zona de la sierra de las nieves y la axarquia con doscientas veinte mil toneladas de sal y ochenta mil litros de salmuera
HYP:"Además, también los servicios de manterimiento han tenido que rociar las carreteras de algunas escomarcas de la provincia de Málaga, como la de ronda, la de antequera, la zona de las nieves, y la exarquía con 220 000 toneladas de sal y 80 000 litros

[2024-11-06 23:57:24,340][hybrid.speech_recognize][INFO] - 
REF:hasta el proximo jueves catorce de diciembre no sabremos si el juez acepta o no la orden europea de detencion y entrega tome la decision que tome el ex presidente catalan y los ex consejeros la podran recurrir hasta en dos instancias diferentes lo que podria alargar el proceso hasta enero
HYP:"Hasta el próximo jueve escatorce de diciembre no sabemos si el juez acepta o no la orden europea de detención y entrega, tome la decisión que tome el expresidente catalán y los exconsejeros la podrán recurrir hasta en dos instancias diferentes lo que podría a

[2024-11-06 23:57:25,059][hybrid.speech_recognize][INFO] - 
REF:lo dejamos aqui cuando son las nueve menos veinte minutos de la noche seguimos en directo aqui en el canal veinticuatro horas mas informacion mas noticias a las nueve en punto en el telediario con ana blanco gracias y hasta mañana muy buenas noches
HYP:"Lo dejamos aquí cuando son las nueve menos 20 minutos de la noche, seguimos en directo aquí en el canal 24 horas, más información más noticias, a las 9 punto en el telediario con Ana Blanco, gracias y hasta mañana muy buenas noches."

[2024-11-06 23:57:25,064][hybrid.speech_recognize][INFO] - 
REF:situado mas o menos al noroeste de estados unidos es decir afectando california logicamente pero tambien afectando todo el oeste de canada esto bloquea lo que llega por el pacifico es decir los frentes las precipitaciones que ayudarian a aplacar estos incendios y ademas hay un flujo de viento
HYP:"Situado más o menos al noroeste de Estados Unidos, es decir, afectando california lógicamente, pero también afectando todo el oeste de canada, esto bloquea, lo que llega por el pacífico, es decir, los frentes, las principilitaciones que ayudarían a paracar estos incendios, y además

[2024-11-06 23:57:25,787][hybrid.speech_recognize][INFO] - 
REF:un tribunal de marruecos va a interrogar a esa mujer activista de derechos humanos helena maleno en una investigacion sobre trafico de seres humanos varias o ene ge estan denunciando que se va a criminalizar su labor
HYP:"Porque un tribunal de Marro Ecos va a interrogar a esa mujer activista de Derechos Humanos Elena Maleno, en una investigación sobre tráfico de seres humanos, varias ONGs están denunciando que se va a criminalizar su labor."

[2024-11-06 23:57:25,791][hybrid.speech_recognize][INFO] - 
REF:en ese parlamento por trescientos nueve votos a favor y trescientos cinco en contra la camara baja britanica ha aprobado una enmienda a la ley que va a guiar la salida como decimos de reino unido de la union europea
HYP:"En ese parlamento, por 39 votos a favor y 3005 en contra la cámara baja británica ha aprobado una enmienda a la ley que va a guiar la salida como decimos de reino unido de la unión Europea."

[2024-11-06 23:57:26,491][hybrid.speech_recognize][INFO] - 
REF:la sospecha que apple cuando propone una actualizacion de los iphone lo ralentiza y cree que no es casual que cuando sale el iphone nuevo justo en esa fecha empiezan a dejar de funcionar o a dar problemas los viejos las generaciones anteriores
HYP:"Cada sospecha que Appple cuando propone una actualización de los iPhone, lo ralentiza y cree que no es casual que cuando sale el iPhone nuevo justo en esa fecha empiezan a dejar de funcionar o a dar problemas los viejos, las generaciones anteriores."

[2024-11-06 23:57:26,493][hybrid.speech_recognize][INFO] - 
REF:a niños de entre ocho y quince años de diferentes escuelas y los llevaba a sus localidades paso ese paso a nivel de repente aparecio el tren y le embistio por detras de manera que el autobus ha quedado practicamente partido en dos
HYP:"A niños de entre 8 y 15 años de diferentes escuelas y los llevaba sus localidades, pasó ese paso a nivel, de repente apareció al tren y le invistió por detrás, de manera que el autobús ha quedado prácticamente partido en dos."

[2024-11-06 23:57:27,142][hybrid.speech_recognize][INFO] - 
REF:los servicios de mantenimiento han tenido que rociar las carreteras de algunas comarcas de la provincia de malaga como la de ronda la de antequera la zona de la sierra de las nieves y la axarquia con doscientas veinte mil toneladas de sal y ochenta mil litros de salmuera
HYP:"En los servicios de mantenimiento han tenido que rociar las carreteras de algunas comarcas de la provincia de Málaga, como la de ronda, la de antequera, la zona de las nieves, y Larquía con 220 000 toneladas de sal y 80 000 litros de salmuera."

[2024-11-06 23:57:27,146][hybrid.speech_recognize][INFO] - 
REF:y que la solicitud de la fiscalia no le va a quitar el animo a la vez que ha querido recordar el calvario que dice que sufrio con su ex pareja condenado en el año dos mil nueve por malos tratos por lesiones en el ambito familiar
HYP:"Y que la solicitud de la fiscalia no le va a quitar, el ánimo a la vez que ha querido recordar el calvario que dice que sufrió con su espareja condenado en el año 2009 por malos tratos, por lesiones en el ámbito familiar."

[2024-11-06 23:57:27,750][hybrid.speech_recognize][INFO] - 
REF:seguimos ya con mas asuntos tambien porque en estambul en turquia los lideres de los paises musulmanes de la organizacion para la cooperacion islamica han acordado hoy reconocer jerusalen jerusalen este como la capital del estado palestino
HYP:"Seguimos ya con más asuntos también, porque en estambulen Turquía los líderes de los países musulmanes de la Organización Islámica han acordado hoy reconocer Herusalén, Erusalén este como la capital del Estado Palestino."

[2024-11-06 23:57:27,752][hybrid.speech_recognize][INFO] - 
REF:situado mas o menos al noroeste de estados unidos es decir afectando california logicamente pero tambien afectando todo el oeste de canada esto bloquea lo que llega por el pacifico es decir los frentes las precipitaciones que ayudarian a aplacar estos incendios y ademas hay un flujo
HYP:"Situado más o menos al noroeste de Estados Unidos, es decir, afectando california lógicamente, pero también afectando todo el oeste de canada, esto bloquea, lo que llega por el pacífico, es decir, los frentes, las principilitaciones que ayudarían a paracar estos incendios, y además

[2024-11-06 23:57:28,277][hybrid.speech_recognize][INFO] - 
REF:pero el juez mantiene en prision a oriol junqueras a joaquim forn y los presidentes de a ene ce y de omnium cultural el magistrado aprecia riesgo de reiteracion delictiva en los cuatro imputados
HYP:"La construcción, pero el juguez mantiene en prisión a orios y hunqueras, ayoaquín Fone, y a los presidentes de INCE I de omnión cultural, el magistrado aprecia a riesgo de reiteración delictiva en los cuatro imputados."

[2024-11-06 23:57:28,279][hybrid.speech_recognize][INFO] - 
REF:les ha comunicado su intencion de trasladar esa embajada estadounidense en israel de tel aviv a jerusalen ademas es posible que mañana miercoles el presidente de los estados unidos anuncie su intencion de reconocer a jerusalen como capital de israel
HYP:"Está comunicado su intención de trasladar esadounidense en Israel, de Tela Vib a Herusalen, además, es posible que mañana miércoles el presidente de los EE.UU. anuncie su intención de reconocer a Jerúsalén como capital de Israelante."

[2024-11-06 23:57:28,760][hybrid.speech_recognize][INFO] - 
REF:el gobierno andaluz va a probar la proxima semana que sus doscientos ciencuenta mil empleados publicos tengan una jornada laboral presencial de treinta y cinco horas semanales mas dos horas y media de trabajos preparatorios fuera del puesto de trabajo
HYP:"El Gobiernandalud va a probar la próxima semana que sus 250 000 empleados públicos tengan una jornada laboral presencial de 35 horas semanales, más 2 horas y media de trabajos preparatorios fuera del puesto de trabajo."

[2024-11-06 23:57:28,762][hybrid.speech_recognize][INFO] - 
REF:los consumidores han denunciado que los cartuchos de epson se bloquean cuando todavia tienen en su interior un veinte o un cuarenta por ciento de tinta y que reemplazar algunas piezas incluso cuesta mas que comprarse la impresora nueva
HYP:"Son los consumidores han denunciado que los cartuchos de Epson se bloquean cuando todavía tienen en su interior, un 20 o un 40 % de tinta y que reemplazar algunas piezas incluso cuesta más que comprarse la impresora nueva."

[2024-11-06 23:57:29,233][hybrid.speech_recognize][INFO] - 
REF:ha asegurado que va a seguir defendiendo hasta el final el bienestar de sus hijos y que la solicitud de la fiscalia no le va a quitar el animo a la vez que ha querido recordar el calvario que dice que sufrio con su ex pareja
HYP:"Entonces, ha asegurado que va a seguir defendiendo hasta el final el bienestar de sus hijos y que la solicitud de la fiscalía no le va a quitar el ánimo a la vez que ha querido recordar el calvario que dice que sufrió con su espareja."

[2024-11-06 23:57:29,235][hybrid.speech_recognize][INFO] - 
REF:que no boicoteen que no castiguen a los productos de esta region y que los consuman igual que los del resto de españa insisten que los empresarios no tienen la culpa de las decisiones que toman algunos
HYP:"Que no Voy Kotén, que no castiguen a los productos de esta región y que los consuman igual que los del resto de España, insisten que los empresarios no tienen la culpa de las decisiones que toman algunos."

[2024-11-06 23:57:29,237][hybrid.speech_recognize][INFO] - 
REF:los medios de comunicacion hemos intentado captar sus primeras imagenes sus primeras declaraciones pero no se han bajado de esa furgoneta eso si las hemos recibido esas primeras imagenes a traves de la redes sociales
HYP:"Si en los medios de comunicación hemos intentado captar sus primeras imágenes, sus primeras declaraciones, pero no se han bajado de esa furgoneta, eso sí, la hemos recibido esas primeras imágenes a través de las redes sociales."

[2024-11-06 23:57:29,733][hybrid.speech_recognize][INFO] - 
REF:pasara una noche mas en la prision de teruel alli se ha establecido para el un dispositivo especial de seguridad debido a su peligrosidad esta aislado del resto de reclusos come solo sale al patio cuando no hay otros presos
HYP:"Estaba pasaron a noche más en la prisión de Teruel, allí se ha establecido para él un dispositivo especial de seguridad debido a su peligrosidad, está aislado del resto de reclusos, come solos, al Alpatio, cuando no hay otros presos."

[2024-11-06 23:57:29,735][hybrid.speech_recognize][INFO] - 
REF:alli se ha establecido para el un dispositivo especial de seguridad debido a su peligrosidad esta aislado del resto de reclusos come solo sale al patio cuando no hay otros presos y tiene el contacto minimo con los funcionarios
HYP:"Esto allí se ha establecido para el dispositivo especial de seguridad debido a su peligrosidad, está aislado del resto de reclusos, come solos, al al patio y cuando no hay otros presos y tiene el contacto mínimo, con los funcionarios."

[2024-11-06 23:57:29,737][hybrid.speech_recognize][INFO] - 
REF:por encima de la velocidad permitida en el tramo en el que se produjo el accidente tambien hemos sabido en las ultimas horas que parece que no se activo el llamado sistema de control positivo que es un sistema de seguridad
HYP:"Ahora, por encima de la velocidad permitida en el tramo en el que se produjo el accidente, también hemos habido en las últimas horas que parece que no se activó el llamado sistema de control positivo, que es un sistema de seguridad."

[2024-11-06 23:57:30,235][hybrid.speech_recognize][INFO] - 
REF:los servicios de mantenimiento han tenido que rociar las carreteras de algunas comarcas de la provincia de malaga como la de ronda la de antequera la zona de la sierra de las nieves y la axarquia con doscientas veinte mil toneladas de sal
HYP:"En los servicios de mantenimiento han tenido que Rociar las carreteras de algunas comarcas de la provincia de Málaga, como la de ronda, la de antequera, la zona de las nieves, y Larquía con 220 000 toneladas de sal."

[2024-11-06 23:57:30,237][hybrid.speech_recognize][INFO] - 
REF:y otro asunto economico el i pe ce cerro dos mil diecisiete en el uno coma uno por ciento son seis decimas menos que en noviembre por el menor encarecimiento de la gasolina y tambien de la luz
HYP:"Y otro asunto económico, el IPC cerro 2017 en el 1,11 %, son seis decimas menos que en noviembre por el menor encarecimiento de la gasolina y también de la luz."

[2024-11-06 23:57:30,239][hybrid.speech_recognize][INFO] - 
REF:en apenas unos minutos el atletico de madrid va a disputar partido frente al chelsea aqui en stanford bridge pero ya lo decian ayer en sala de prensa los protagonistas no basta con ganar aqui sino que habra que estar muy pendiente
HYP:"En apenas unos minutos, el lético de Madrid va a disputar partido frente al chelsi, aquí en Stanforbril, pero ya lo decían ayer en sala de prensa, los protagonistas, no basta con ganar aquí, sino que habrá que estar muy pendiente."

[2024-11-06 23:57:30,744][hybrid.speech_recognize][INFO] - 
REF:esta importante rebaja fiscal va a beneficiar sobre todo a las empresas lo que llamamos el impuesto de sociedades la tasa que pagan esas empresas que va a bajar del treinta y cinco por ciento actual al veintiuno por ciento
HYP:"Esta importante rebaja fiscal va a beneficial, sobre todo a las empresas, lo que llamamos el impuesto de sociedades la tasa que pagan esas empresas que va a bajar del 35 % actual al 21 %."

[2024-11-06 23:57:30,746][hybrid.speech_recognize][INFO] - 
REF:la policia ha llevado a cabo en este edificio en la vivienda que los tres comparten y que fue donde presuntamente sucedieron los hechos hace unos diez dias un registro que ha acabado hacia las cinco y media de la tarde
HYP:"La policía ha llevado al cabo en este edificio en la vivienda que los tres comparten y que fue donde sucedieron los hechos hace unos 10 días, un registro que ha acabado hacia las cinco y media de la tarde."

[2024-11-06 23:57:30,748][hybrid.speech_recognize][INFO] - 
REF:las supuestas injerencias rusas en algunos procesos electorales como el norteamericano tambien en el referendum del brexit o como decimos en el conflicto independentista catalan que es el que se ha analizado esta tarde y en el que han participado algunos
HYP:"Las supuestas ingerencias busas en algunos procesos electorales como el norteamericano, también el referendom del Brexit, o como vecimos en el conflicto independentista catalal que se ha analizado esta tarde y en el que ha participado algunos."

[2024-11-06 23:57:31,174][hybrid.speech_recognize][INFO] - 
REF:su apoyo explicito a los empresarios catalanes ha pedido a los ciudadanos que no boicoteen que no castiguen a los productos de esta region y que los consuman igual que los del resto de españa
HYP:"Su apoyo explícito a los empresarios catalanes, ha pedido a los ciudadanos, que no Boicotén, que no castiguen a los productos de esta región y que los consuman igual que los del resto de España."

[2024-11-06 23:57:31,176][hybrid.speech_recognize][INFO] - 
REF:prision provisional y sin fianza para los tres jugadores del arandina club de futbol detenidos por abusar presuntamente de una menor de quince años hoy van a pasar su primera noche en prision
HYP:"Prisión profesional y se infianza para los tres jugadores de la Arandina club de fútbol detenidos por abusar presutamente de una menor de 15 años, hoy van a pasar su primera noche de prisión."

[2024-11-06 23:57:31,177][hybrid.speech_recognize][INFO] - 
REF:su gobierno va a seguir ahi el veintidos de diciembre que va a seguir siendo el mismo y que va a estar dispuesto a hablar eso si sera dentro de la ley y sin imposiciones
HYP:"Que su gobierno va a seguir ahí el 22 de diciembre que va a seguir siendo el mismo y que va a estar dispuesto a hablar eso sí, será dentro de la ley y sin imposiciones."

[2024-11-06 23:57:31,659][hybrid.speech_recognize][INFO] - 
REF:fue de ocho años pero le liberaron le soltaron antes de cumplirla por buena conducta aunque poco despues volvio a delinquir segun los medios italianos
HYP:"Fue de ocho años, pero le liberaron soltaron antes de cumplirla por buena conducta, aunque poco después volvió a delinqui, según los medios italianos."

[2024-11-06 23:57:31,661][hybrid.speech_recognize][INFO] - 
REF:desde el gobierno afirman que van a recurrir de manera inmediata a cualquier tipo de argucia que intenten usar los independentistas para tratar de investir a carles puigdemont de manera no presencial
HYP:"Desde el gobierno afirman que van a recurrir de manera inmediata cualquier tipo de argusia, que intenten usar los independentistas para tratar de investir a Carlos pullemón, de manera no presencial."

[2024-11-06 23:57:31,663][hybrid.speech_recognize][INFO] - 
REF:intento de atentado terrorista en nueva york ha ocurrido en una de las zonas mas transitadas de la ciudad en la terminal de autobuses con mas pasajeros de los estados unidos el atacante llevaba un cinturon de explosivos que fallo
HYP:"Un intento de atentado terrorista en Nueva York ha ocurrido en una de las zonas más transitadas de la ciudad, en la terminal de autobuses con más pasajeros de los EE.UU., el atacante lleva un cinturón de explosivos que falló."

[2024-11-06 23:57:32,167][hybrid.speech_recognize][INFO] - 
REF:un encarcelado por conducir ebrio y por provocar un accidente con victimas es el protagonista de una nueva campaña sobre los riesgos de conducir bajo los efectos del alcohol y de las drogas
HYP:Un encarcelado por conducir ebrio y por provocar un accidente con víctimas que es el protagonista de una nueva campaña sobre los riesgos de conducir bajo los efectos del alcohol y de las drogas.

[2024-11-06 23:57:32,169][hybrid.speech_recognize][INFO] - 
REF:se ha localizado la obra que faltaba estaba en el palacio episcopal y ya esta en el museo de lleida el ministro de cultura ha pedido que se retire el recurso de la generalitat que solicita devolver las obras de sijena a lleida
HYP:"Se ha localizado la obra que faltaba estaba en el palacio pico escopal y ya está en el museo de Jeida, el ministro de cultura pedido que se retire el recurso de la llenealidad que solecita devolver las obras de ese genalle y Dapple."

[2024-11-06 23:57:32,171][hybrid.speech_recognize][INFO] - 
REF:el gobierno ha confirmado que cambiara el modelo linguistico de las escuelas catalanas quiere impulsar el castellano y que los padres puedan elegirlo como lengua vehicular como pide el colectivo minoritario de profesores ames
HYP:"El gobierno ha confirmado que cambiara el modelo lingüístico de las escuelas catalanas, que era impulsar el castellano y que los padres puedan elegirlo como lengua vehicular, como pide el colectivo minoritario de profesores ames."

[2024-11-06 23:57:32,670][hybrid.speech_recognize][INFO] - 
REF:estamos a la espera de conocer las pruebas de adn de las muestras que se encontraron en el pijama y en las medias de la chica y que se van a cotejar con las muestras de nueve soldados de su mismo cuartel en bobadilla en malaga
HYP:"Estamos a la espera de conocer las pruebas de ADN de las muestras que se encontraron en el Pijama y en las medias de la chica, y que se van a cotejar con las muestras de nueves soldados de su mismo cuartel en Bobadilla, en Málaga."

[2024-11-06 23:57:32,672][hybrid.speech_recognize][INFO] - 
REF:hay que tener en cuenta que los agentes britanicos tienen establecidos los controles migratorios en terreno en suelo frances y eso es algo que beneficia al reino unido asi se reconoce aqui y esa es la razon por la que la administracion
HYP:"(Risas) Hay que tener en cuenta que los agentes británicos tienen establecido los controles migratorios en terreno, en su lo francés, y eso es algo que beneficia al renunido, así se reconoce aquí y esta es la razón por la que la administración."

[2024-11-06 23:57:32,674][hybrid.speech_recognize][INFO] - 
REF:alli permanece en la carcel de teruel desde el pasado domingo por la tarde cuando la jueza de alcañiz decreto prision provisional para el tras escuchar su declaracion en la que confeso ser el autor
HYP:"Allí permanece en la cárcel de Teruel, desde el pasado domingo por la tarde, cuando la jueza del cañice te cretó prisión provisional para él tras escuchar su declaración en la que confesó ser el autor."

[2024-11-06 23:57:33,143][hybrid.speech_recognize][INFO] - 
REF:si mas alla de si intentara ser investido presencialmente o a distancia puigdemont todavia no tiene por ahora garantizado el apoyo de alguno de los cuatro diputados de la cup
HYP:"Sí, más allá de, si intentará ser investido, presencialmente, o a distancia pus demono todavía no tiene por ahora garantizado el apoyo de alguno de los cuatro diputados de la cupo."

[2024-11-06 23:57:33,145][hybrid.speech_recognize][INFO] - 
REF:solo son los presidentes de castilla la mancha extremadura y aragon que defienden la necesidad de garantizar el derecho de los padres a elegir la lengua en la que van a estudiar sus hijos
HYP:"Solo los presidentes de castilla la mancha, extremadura y áragon que defienden la necesidad de garantizar el derecho de los padres a elegir la lengua en la que van a estudiar sus hijos."

[2024-11-06 23:57:33,147][hybrid.speech_recognize][INFO] - 
REF:como deciamos horas antes del inicio oficial de la campaña electoral comienza la campaña a las doce en punto de esta noche lo van a poder seguir aqui en directo despues de la noche en veinticuatro con victor arribas
HYP:"Como decíamos, horas antes del inicio oficial de la campaña electoral comienza a la campaña, a las 12 puntos de esta noche lo van a poder seguir aquí en directo después de la noche en 24 con Víctor arribas."

[2024-11-06 23:57:33,606][hybrid.speech_recognize][INFO] - 
REF:metodo telematico es contrario no solamente al estatut de autonomia y la propio reglamento del articulo ciento cuarenta y seis sino a lo que son los principios basicos del orden constitucional
HYP:"Un método telemático es contrario, no solamente a la escatud de autonomía y a la propio reglamento en el artículo 146, sino a lo que son los principios básicos del orden constitucional."

[2024-11-06 23:57:33,608][hybrid.speech_recognize][INFO] - 
REF:unidades de intervencion actuando lo seguiran haciendo mañana porque las consecuencias de este temporal del que parece que ya ha pasado lo peor siguen en los pueblos de segovia
HYP:"Unidades de intervención actuando, lo seguirán haciendo mañana porque las consecuencias de este temporal del que parece que ya ha pasado lo peor, siguen en los pueblos de ese gobia."

[2024-11-06 23:57:33,609][hybrid.speech_recognize][INFO] - 
REF:por estas detenciones y ha dicho que desde junio de dos mil quince cuando se elevo a cuatro el nivel de alerta antiterrorista han sido detenidos doscientos veitisiete presuntos terroristas yihadistas
HYP:"En estas detenciones, y ha dicho que desde junio de 2015 cuando se le voy a 4 el nivel de alerta antiterorista han sido deteridos 227 presuntos terroristas yijadistas."

