[2024-11-06 19:58:08,533][avhubert.hubert_pretraining][INFO] - current directory is /gpfs/projects/bsc88/speech/research/repos/av_hubert/avhubert/outputs/2024-11-06/19-58-06
[2024-11-06 19:58:08,533][avhubert.hubert_pretraining][INFO] - AVHubertPretrainingTask Config {'_name': 'av_hubert_pretraining', 'data': '/checkpoint/bshi/data/lrs3//video/wav/finetune_tsv/', 'input_modality': '???', 'labels': ['wrd'], 'label_dir': '/checkpoint/bshi/data/lrs3//exp/ls-hubert/tune-modality/finetune_bpe/unigram1000/', 'label_rate': -1, 'sample_rate': 16000, 'normalize': True, 'enable_padding': False, 'max_sample_size': 500, 'min_sample_size': None, 'max_trim_sample_size': '${task.max_sample_size}', 'single_target': True, 'random_crop': False, 'pad_audio': True, 'pdb': False, 'stack_order_audio': 4, 'skip_verify': False, 'image_aug': True, 'image_crop_size': 88, 'image_mean': 0.421, 'image_std': 0.165, 'modalities': ['audio', 'video'], 'is_s2s': True, 'tokenizer_bpe_name': 'sentencepiece', 'tokenizer_bpe_model': '/checkpoint/bshi/data/lrs3//lang/spm/spm_unigram1000.model', 'noise_wav': '/checkpoint/bshi/data/lrs3//audio/noise/tsv/musan-lgall/', 'noise_prob': 0.25, 'noise_snr': '0', 'noise_num': 1, 'fine_tuning': True}
[2024-11-06 19:58:08,565][avhubert.hubert_pretraining][INFO] - current directory is /gpfs/projects/bsc88/speech/research/repos/av_hubert/avhubert/outputs/2024-11-06/19-58-06
[2024-11-06 19:58:08,566][avhubert.hubert_pretraining][INFO] - AVHubertPretrainingTask Config {'_name': 'av_hubert_pretraining', 'data': '/checkpoint/bshi/data/lrs3//video/wav/finetune_tsv/', 'input_modality': 'image', 'labels': ['km'], 'label_dir': '/checkpoint/bshi/data/lrs3//video/hubert/stitch-iters/envox-iter4-l12c2000/', 'label_rate': 25, 'sample_rate': 25, 'normalize': True, 'enable_padding': False, 'max_sample_size': 2000, 'min_sample_size': 5, 'max_trim_sample_size': 400, 'single_target': False, 'random_crop': True, 'pad_audio': False, 'pdb': False, 'stack_order_audio': 4, 'skip_verify': False, 'image_aug': True, 'image_crop_size': 88, 'image_mean': 0.421, 'image_std': 0.165, 'modalities': ['audio', 'video'], 'is_s2s': False, 'tokenizer_bpe_name': None, 'tokenizer_bpe_model': None, 'noise_wav': '/checkpoint/bshi/data/lrs3//audio/noise/tsv/musan-lgall/', 'noise_prob': 0.25, 'noise_snr': '0', 'noise_num': 1, 'fine_tuning': False}
[2024-11-06 19:58:08,571][avhubert.hubert][INFO] - HubertModel Config: {'_name': 'av_hubert', 'label_rate': 25, 'input_modality': '${task.input_modality}', 'extractor_mode': default, 'encoder_layers': 12, 'encoder_embed_dim': 768, 'encoder_ffn_embed_dim': 3072, 'encoder_attention_heads': 12, 'activation_fn': gelu, 'dropout': 0.1, 'attention_dropout': 0.1, 'activation_dropout': 0.0, 'encoder_layerdrop': 0.05, 'dropout_input': 0.1, 'dropout_features': 0.1, 'final_dim': 256, 'untie_final_proj': True, 'layer_norm_first': True, 'conv_feature_layers': '[(512,10,5)] + [(512,3,2)] * 4 + [(512,2,2)] * 2', 'conv_bias': False, 'logit_temp': 0.1, 'target_glu': False, 'feature_grad_mult': 0.1, 'mask_length_audio': 10, 'mask_prob_audio': 0.8, 'mask_length_image': 5, 'mask_prob_image': 0.3, 'mask_selection': static, 'mask_other': 0.0, 'no_mask_overlap': False, 'mask_min_space': 1, 'mask_channel_length': 10, 'mask_channel_prob': 0.0, 'mask_channel_selection': static, 'mask_channel_other': 0.0, 'no_mask_channel_overlap': False, 'mask_channel_min_space': 1, 'conv_pos': 128, 'conv_pos_groups': 16, 'latent_temp': [2.0, 0.5, 0.999995], 'skip_masked': False, 'skip_nomask': False, 'resnet_relu_type': 'prelu', 'resnet_weights': None, 'sim_type': 'cosine', 'sub_encoder_layers': 0, 'audio_feat_dim': 104, 'modality_dropout': 0.5, 'audio_dropout': 0.5, 'modality_fuse': 'concat', 'selection_type': 'same_seq', 'masking_type': 'input', 'decoder_embed_dim': 768, 'decoder_ffn_embed_dim': 3072, 'decoder_layers': 6, 'decoder_layerdrop': 0.0, 'decoder_attention_heads': 4, 'decoder_learned_pos': False, 'decoder_normalize_before': False, 'no_token_positional_embeddings': False, 'decoder_dropout': 0.1, 'decoder_attention_dropout': 0.1, 'decoder_activation_dropout': 0.0, 'max_target_positions': 2048, 'share_decoder_input_output_embed': False, 'no_scale_embedding': True, 'required_seq_len_multiple': 1, 'layer_type': transformer, 'checkpoint_activations': False}
[2024-11-06 19:58:09,954][hybrid.speech_recognize][INFO] - {'_name': None, 'task': None, 'generation': {'_name': None, 'beam': 20, 'nbest': 1, 'max_len_a': 1.0, 'max_len_b': 0, 'min_len': 1, 'match_source_len': False, 'unnormalized': False, 'no_early_stop': False, 'no_beamable_mm': False, 'lenpen': 1.0, 'unkpen': 0.0, 'replace_unk': None, 'sacrebleu': False, 'score_reference': False, 'prefix_size': 0, 'no_repeat_ngram_size': 0, 'sampling': False, 'sampling_topk': -1, 'sampling_topp': -1.0, 'constraints': None, 'temperature': 1.0, 'diverse_beam_groups': -1, 'diverse_beam_strength': 0.5, 'diversity_rate': -1.0, 'print_alignment': None, 'print_step': False, 'lm_path': None, 'lm_weight': 0.0, 'iter_decode_eos_penalty': 0.0, 'iter_decode_max_iter': 10, 'iter_decode_force_max_iter': False, 'iter_decode_with_beam': 1, 'iter_decode_with_external_reranker': False, 'retain_iter_history': False, 'retain_dropout': False, 'retain_dropout_modules': None, 'decoding_format': None, 'no_seed_provided': False}, 'common': {'_name': None, 'no_progress_bar': False, 'log_interval': 100, 'log_format': None, 'log_file': None, 'tensorboard_logdir': None, 'wandb_project': None, 'azureml_logging': False, 'seed': 1, 'cpu': False, 'tpu': False, 'bf16': False, 'memory_efficient_bf16': False, 'fp16': False, 'memory_efficient_fp16': False, 'fp16_no_flatten_grads': False, 'fp16_init_scale': 128, 'fp16_scale_window': None, 'fp16_scale_tolerance': 0.0, 'on_cpu_convert_precision': False, 'min_loss_scale': 0.0001, 'threshold_loss_scale': None, 'amp': False, 'amp_batch_retries': 2, 'amp_init_scale': 128, 'amp_scale_window': None, 'user_dir': '/gpfs/projects/bsc88/speech/research/repos/av_hubert/avhubert', 'empty_cache_freq': 0, 'all_gather_list_size': 16384, 'model_parallel_size': 1, 'quantization_config_path': None, 'profile': False, 'reset_logging': False, 'suppress_crashes': False, 'use_plasma_view': False, 'plasma_path': '/tmp/plasma'}, 'common_eval': {'_name': None, 'path': '/gpfs/projects/bsc88/speech/research/repos/av_hubert/avhubert/checkpoints/AVSR_Finetuned_Models/English_EN/base_noise_pt_noise_ft_30h.pt', 'post_process': None, 'quiet': False, 'model_overrides': '{}', 'results_path': '/gpfs/projects/bsc88/speech/research/repos/av_hubert/avhubert/experiment/decode/s2s/test'}, 'checkpoint': {'_name': None, 'save_dir': 'checkpoints', 'restore_file': 'checkpoint_last.pt', 'finetune_from_model': None, 'reset_dataloader': False, 'reset_lr_scheduler': False, 'reset_meters': False, 'reset_optimizer': False, 'optimizer_overrides': '{}', 'save_interval': 1, 'save_interval_updates': 0, 'keep_interval_updates': -1, 'keep_interval_updates_pattern': -1, 'keep_last_epochs': -1, 'keep_best_checkpoints': -1, 'no_save': False, 'no_epoch_checkpoints': False, 'no_last_checkpoints': False, 'no_save_optimizer_state': False, 'best_checkpoint_metric': 'loss', 'maximize_best_checkpoint_metric': False, 'patience': -1, 'checkpoint_suffix': '', 'checkpoint_shard_count': 1, 'load_checkpoint_on_all_dp_ranks': False, 'write_checkpoints_asynchronously': False, 'model_parallel_size': 1}, 'distributed_training': {'_name': None, 'distributed_world_size': 1, 'distributed_num_procs': 1, 'distributed_rank': 0, 'distributed_backend': 'nccl', 'distributed_init_method': None, 'distributed_port': -1, 'device_id': 0, 'distributed_no_spawn': False, 'ddp_backend': 'pytorch_ddp', 'ddp_comm_hook': 'none', 'bucket_cap_mb': 25, 'fix_batches_to_gpus': False, 'find_unused_parameters': False, 'fast_stat_sync': False, 'heartbeat_timeout': -1, 'broadcast_buffers': False, 'slowmo_momentum': None, 'slowmo_algorithm': 'LocalSGD', 'localsgd_frequency': 3, 'nprocs_per_node': 1, 'pipeline_model_parallel': False, 'pipeline_balance': None, 'pipeline_devices': None, 'pipeline_chunks': 0, 'pipeline_encoder_balance': None, 'pipeline_encoder_devices': None, 'pipeline_decoder_balance': None, 'pipeline_decoder_devices': None, 'pipeline_checkpoint': 'never', 'zero_sharding': 'none', 'fp16': False, 'memory_efficient_fp16': False, 'tpu': False, 'no_reshard_after_forward': False, 'fp32_reduce_scatter': False, 'cpu_offload': False, 'use_sharded_state': False}, 'dataset': {'_name': None, 'num_workers': 0, 'skip_invalid_size_inputs_valid_test': False, 'max_tokens': 1000, 'batch_size': None, 'required_batch_size_multiple': 8, 'required_seq_len_multiple': 1, 'dataset_impl': None, 'data_buffer_size': 10, 'train_subset': 'train', 'valid_subset': 'valid', 'combine_valid_subsets': None, 'ignore_unused_valid_subsets': False, 'validate_interval': 1, 'validate_interval_updates': 0, 'validate_after_updates': 0, 'fixed_validation_seed': None, 'disable_validation': False, 'max_tokens_valid': 1000, 'batch_size_valid': None, 'max_valid_steps': None, 'curriculum': 0, 'gen_subset': 'test', 'num_shards': 1, 'shard_id': 0}, 'override': {'_name': None, 'noise_wav': None, 'noise_prob': 0.0, 'noise_snr': 0.0, 'modalities': ['video', 'audio'], 'data': '/gpfs/projects/bsc88/speech/research/repos/av_hubert/avhubert/data/datasets/dataset_EN/lrs3/30h_data', 'label_dir': '/gpfs/projects/bsc88/speech/research/repos/av_hubert/avhubert/data/datasets/dataset_EN/lrs3/30h_data', 'labels': None, 'eval_bleu': False, 'tokenizer_bpe_model': None}, 'is_ax': False}
[2024-11-06 19:58:09,968][avhubert.hubert_pretraining][INFO] - Using tokenizer
[2024-11-06 19:58:10,031][avhubert.hubert_dataset][INFO] - max_keep=1000, min_keep=0, loaded 1321, skipped 0 short and 0 long and 0 unaligned, longest-loaded=155, shortest-loaded=14
[2024-11-06 19:58:10,031][avhubert.hubert_dataset][INFO] - /gpfs/projects/bsc88/speech/research/repos/av_hubert/avhubert/data/datasets/dataset_EN/lrs3/30h_data/test.wrd is sequence label. skipped
[2024-11-06 19:58:10,031][avhubert.hubert_dataset][INFO] - image transform: Compose(
    Normalize(mean=0.0, std=255.0)
    <avhubert.utils.CenterCrop object at 0x7f9a38170f40>
    Normalize(mean=0.421, std=0.165)
)
[2024-11-06 19:58:10,031][avhubert.hubert_dataset][INFO] - pad_audio=True, random_crop=False, normalize=True, max_sample_size=500, seqs2seq data=True,
[2024-11-06 19:58:10,031][avhubert.hubert_dataset][INFO] - Noise wav: None->0 wav, Prob: 0.0, SNR: 0.0, Number of mixture: 1
[2024-11-06 19:58:12,008][hybrid.speech_recognize][INFO] - 
REF:you're hearing one presentation after another often representing a group of people a tribe about how
HYP:you're hearing one presentation after another often representing a group of people alive about how

[2024-11-06 19:58:12,010][hybrid.speech_recognize][INFO] - 
REF:i'm here to tell you the story of crazy love a psychological trap disguised as love one
HYP:i'm here to tell you the story of crazy love a psychological trap disguise does love one

[2024-11-06 19:58:12,011][hybrid.speech_recognize][INFO] - 
REF:it turned out that we were doing a lot of low level drug cases on the streets just around the corner from our office in trenton
HYP:it turned out that we were doing a lot of low level drug cases on the streets just around the corner from our office in trendon

[2024-11-06 19:58:12,012][hybrid.speech_recognize][INFO] - 
REF:it is my belief that to create these rare game changers requires you to pull off at least
HYP:it is my belief that to create these rare game changers requires you to pull off at least

[2024-11-06 19:58:12,013][hybrid.speech_recognize][INFO] - 
REF:last week alone i got 238 pieces of nasty email and more
HYP:last week alone i got 238 pieces of nasty email and more

[2024-11-06 19:58:12,014][hybrid.speech_recognize][INFO] - 
REF:about a year after 9 11 researchers examined a group of women who were pregnant when they were exposed to the world
HYP:about a year after 9 11 researchers examined a group of women who were pregnant when they were exposed to the world

[2024-11-06 19:58:12,267][hybrid.speech_recognize][INFO] - 
REF:and when i look at the criminal justice system in the united states today i feel the exact same way that i did about the state of
HYP:and when i look at the criminal justice system in the united states today i feel the exact same way that i did about the state of

[2024-11-06 19:58:12,269][hybrid.speech_recognize][INFO] - 
REF:and all of this matters greatly because public safety to me is the most important function of
HYP:and all of this matters greatly because public safety to me is the most important function of

[2024-11-06 19:58:12,270][hybrid.speech_recognize][INFO] - 
REF:my mother was on the line to tell me that doctors had found a lump in his stomach terminal cancer
HYP:my mother was on the line to tell me that doctors had found a lump in a stomach termal cancer

[2024-11-06 19:58:12,272][hybrid.speech_recognize][INFO] - 
REF:and after that initial prototype we set out to make free and open source software so that others do not have
HYP:and after that initial prototype we set out to make free and open source so that others do not have

[2024-11-06 19:58:12,273][hybrid.speech_recognize][INFO] - 
REF:you destroy all the bone marrow in the cancer patient with massive doses of chemotherapy
HYP:you destroy all the bone marrow in the cancer patient with massive doses of chemotherapy

[2024-11-06 19:58:12,274][hybrid.speech_recognize][INFO] - 
REF:so i decided to focus on using data and analytics to help make the most critical decision
HYP:so i decided to focus on using data and analytics to help make the most critical decision

[2024-11-06 19:58:12,494][hybrid.speech_recognize][INFO] - 
REF:and that's really what i find so intriguing about the reactions that we've had to the
HYP:and that's really what i find so intriguing about the reactions that we've had to the

[2024-11-06 19:58:12,495][hybrid.speech_recognize][INFO] - 
REF:and so many of my early memories involved intricate daydreams where i would walk across borders
HYP:and so many of my early memories involved intricate day dreams where i would walk across borders

[2024-11-06 19:58:12,496][hybrid.speech_recognize][INFO] - 
REF:if you want this experience to live on as something historic then at the reception
HYP:if you want this experience to live on as something historic then at the reception

[2024-11-06 19:58:12,497][hybrid.speech_recognize][INFO] - 
REF:i looked at my friend who drilled seven dry wells writing off more than a billion dollars for the
HYP:i looked at my friend who drilled seven dry wells writing off more than a billion dollars for the

[2024-11-06 19:58:12,499][hybrid.speech_recognize][INFO] - 
REF:so you want to go to that board meeting but you only want to pay attention to the bits that interest
HYP:so you want to go to that board meeting but you only want to pay attention to the bits that interest

[2024-11-06 19:58:12,500][hybrid.speech_recognize][INFO] - 
REF:what is the exact relationship between levels of greenhouse gases and planetary
HYP:what is the exact relationship between levels of greenhouse gasses and planetary

[2024-11-06 19:58:13,090][hybrid.speech_recognize][INFO] - 
REF:race is a social category that has staggering biological consequences
HYP:race is a social category that has staggering biological consequences

[2024-11-06 19:58:13,091][hybrid.speech_recognize][INFO] - 
REF:but in the process they also train our brains to tune out when somebody else's issue
HYP:but in the process they also train our brains to turn out when somebody else's issue

[2024-11-06 19:58:13,092][hybrid.speech_recognize][INFO] - 
REF:so when i started my job at the arnold foundation i came back to looking at a lot of these questions and i came back
HYP:so when i started my job at the arnold foundation i came back to looking at a lot of these questions and i came back

[2024-11-06 19:58:13,093][hybrid.speech_recognize][INFO] - 
REF:they also monitored the internet and social media to monitor the progress of
HYP:they also monitored the internet and social media to moniture the progress of

[2024-11-06 19:58:13,094][hybrid.speech_recognize][INFO] - 
REF:i'd like to make the suggestion that we don't need to aim for that to make substantial progress
HYP:i'd like to make the suggestion that we don't need to aim for that to make substantial progress

[2024-11-06 19:58:13,095][hybrid.speech_recognize][INFO] - 
REF:i started to write about sharing the fact that i'm a survivor of all forms of sexual abuse including three
HYP:i started to write about sharing the fact that i'm a survivor of all forms of sexual abuse including three

[2024-11-06 19:58:13,703][hybrid.speech_recognize][INFO] - 
REF:that is the real world and unless we find a way to globalize democracy or
HYP:that is the real world and unless we find a way to globalize democracy or

[2024-11-06 19:58:13,704][hybrid.speech_recognize][INFO] - 
REF:so to summarize if we could offer a top quality education to everyone around the world for free
HYP:so to somewise if we could offer a top quality education to everyone around the world for free

[2024-11-06 19:58:13,705][hybrid.speech_recognize][INFO] - 
REF:effectively the taliban create a complete blackout of any other source of information
HYP:effectively the taliban create a complete black out of any other source of information

[2024-11-06 19:58:13,706][hybrid.speech_recognize][INFO] - 
REF:and we connected over really small things like the fact that i love country music which is really
HYP:and we connected over really small things like the fact that i love country music which is really

[2024-11-06 19:58:13,707][hybrid.speech_recognize][INFO] - 
REF:none of these studies found that people spend more on drinking or smoking or that people
HYP:none of these studies found that people spend more on drinking or smoking or that people

[2024-11-06 19:58:13,708][hybrid.speech_recognize][INFO] - 
REF:we now have a moral challenge that is in the tradition of others that we have
HYP:we now have a moral challenge that is in the tradition of others that we have

[2024-11-06 19:58:14,350][hybrid.speech_recognize][INFO] - 
REF:i started to walk in the community and it didn't take a rocket scientist to realize that they weren't
HYP:i started to walk in the community and it didn't take a rocket scientist to realize that they weren't

[2024-11-06 19:58:14,352][hybrid.speech_recognize][INFO] - 
REF:but one of the things i've learned is that apparently it matters if a new product or service is
HYP:but one of the things i've learned is that apparently it matters if a new product or service is

[2024-11-06 19:58:14,353][hybrid.speech_recognize][INFO] - 
REF:we used to have a manufacturing economy which was about building goods and products and now we have a service
HYP:we used to have a manufacturing economy which was about building goods and products and now we have a service

[2024-11-06 19:58:14,355][hybrid.speech_recognize][INFO] - 
REF:a couple of years ago a group of us in canada decided that we were hitting the limits of what we could accomplish
HYP:a couple of years ago a group of us in canada decided that we were hidding the limits of what we could accomplish

[2024-11-06 19:58:14,356][hybrid.speech_recognize][INFO] - 
REF:some of them were really afraid of contagion and they wouldn't even walk in front of our
HYP:some of them were really afraid of contagion and they wouldn't even walk in front of our

[2024-11-06 19:58:14,357][hybrid.speech_recognize][INFO] - 
REF:if you are asked to estimate the walking speed of a man in a video for example your answer
HYP:if you are asked to estimate the walking speed of a man in a video for example your answer

