[2024-11-07 20:13:00,482][avhubert.hubert_pretraining][INFO] - current directory is /gpfs/projects/bsc88/speech/research/repos/av_hubert/avhubert/outputs/2024-11-07/20-12-57
[2024-11-07 20:13:00,482][avhubert.hubert_pretraining][INFO] - AVHubertPretrainingTask Config {'_name': 'av_hubert_pretraining', 'data': '/checkpoint/anwarvic/data/av-mtedx/manifests/es', 'input_modality': '???', 'labels': ['es'], 'label_dir': '/checkpoint/anwarvic/data/av-mtedx/labels/es-unigram1000', 'label_rate': -1, 'sample_rate': 25, 'normalize': True, 'enable_padding': False, 'max_sample_size': 500, 'min_sample_size': None, 'max_trim_sample_size': 500, 'single_target': True, 'random_crop': False, 'pad_audio': True, 'pdb': False, 'stack_order_audio': 4, 'skip_verify': False, 'image_aug': True, 'image_crop_size': 88, 'image_mean': 0.421, 'image_std': 0.165, 'modalities': ['audio', 'video'], 'is_s2s': True, 'tokenizer_bpe_name': 'sentencepiece', 'tokenizer_bpe_model': '/checkpoint/anwarvic/data/av-mtedx/labels/es-unigram1000/spm_unigram.model', 'noise_wav': '/checkpoint/wnhsu/data/avhubert/manifests/noise/musan/all-for-training', 'noise_prob': 0.25, 'noise_snr': '0', 'noise_num': 1, 'fine_tuning': True}
[2024-11-07 20:13:00,513][avhubert.hubert_pretraining][INFO] - current directory is /gpfs/projects/bsc88/speech/research/repos/av_hubert/avhubert/outputs/2024-11-07/20-12-57
[2024-11-07 20:13:00,514][avhubert.hubert_pretraining][INFO] - AVHubertPretrainingTask Config {'_name': 'av_hubert_pretraining', 'data': '/checkpoint/anwarvic/data/av-mtedx/manifests/es', 'input_modality': 'image', 'labels': ['km'], 'label_dir': '/checkpoint/bshi/data/lrs3//video/hubert/stitch-iters/envox-iter4-l12c2000/', 'label_rate': 25, 'sample_rate': 25, 'normalize': True, 'enable_padding': False, 'max_sample_size': 2000, 'min_sample_size': 5, 'max_trim_sample_size': 400, 'single_target': False, 'random_crop': True, 'pad_audio': False, 'pdb': False, 'stack_order_audio': 4, 'skip_verify': False, 'image_aug': True, 'image_crop_size': 88, 'image_mean': 0.421, 'image_std': 0.165, 'modalities': ['audio', 'video'], 'is_s2s': False, 'tokenizer_bpe_name': None, 'tokenizer_bpe_model': None, 'noise_wav': '/checkpoint/bshi/data/lrs3//audio/noise/tsv/musan-lgall/', 'noise_prob': 0.25, 'noise_snr': '0', 'noise_num': 1, 'fine_tuning': True}
[2024-11-07 20:13:00,519][avhubert.hubert][INFO] - HubertModel Config: {'_name': 'av_hubert', 'label_rate': 25, 'input_modality': '${task.input_modality}', 'extractor_mode': default, 'encoder_layers': 24, 'encoder_embed_dim': 1024, 'encoder_ffn_embed_dim': 4096, 'encoder_attention_heads': 16, 'activation_fn': gelu, 'dropout': 0.1, 'attention_dropout': 0.1, 'activation_dropout': 0.0, 'encoder_layerdrop': 0.05, 'dropout_input': 0.1, 'dropout_features': 0.1, 'final_dim': 256, 'untie_final_proj': True, 'layer_norm_first': True, 'conv_feature_layers': '[(512,10,5)] + [(512,3,2)] * 4 + [(512,2,2)] * 2', 'conv_bias': False, 'logit_temp': 0.1, 'target_glu': False, 'feature_grad_mult': 0.1, 'mask_length_audio': 10, 'mask_prob_audio': 0.8, 'mask_length_image': 5, 'mask_prob_image': 0.3, 'mask_selection': static, 'mask_other': 0.0, 'no_mask_overlap': False, 'mask_min_space': 1, 'mask_channel_length': 10, 'mask_channel_prob': 0.0, 'mask_channel_selection': static, 'mask_channel_other': 0.0, 'no_mask_channel_overlap': False, 'mask_channel_min_space': 1, 'conv_pos': 128, 'conv_pos_groups': 16, 'latent_temp': [2.0, 0.5, 0.999995], 'skip_masked': False, 'skip_nomask': False, 'resnet_relu_type': 'prelu', 'resnet_weights': None, 'sim_type': 'cosine', 'sub_encoder_layers': 0, 'audio_feat_dim': 104, 'modality_dropout': 0.5, 'audio_dropout': 0.5, 'modality_fuse': 'concat', 'selection_type': 'same_seq', 'masking_type': 'input', 'decoder_embed_dim': 768, 'decoder_ffn_embed_dim': 3072, 'decoder_layers': 6, 'decoder_layerdrop': 0.0, 'decoder_attention_heads': 4, 'decoder_learned_pos': False, 'decoder_normalize_before': False, 'no_token_positional_embeddings': False, 'decoder_dropout': 0.1, 'decoder_attention_dropout': 0.1, 'decoder_activation_dropout': 0.0, 'max_target_positions': 2048, 'share_decoder_input_output_embed': False, 'no_scale_embedding': True, 'required_seq_len_multiple': 1, 'layer_type': transformer, 'checkpoint_activations': False}
[2024-11-07 20:13:04,029][hybrid.speech_recognize][INFO] - {'_name': None, 'task': None, 'generation': {'_name': None, 'beam': 20, 'nbest': 1, 'max_len_a': 1.0, 'max_len_b': 0, 'min_len': 1, 'match_source_len': False, 'unnormalized': False, 'no_early_stop': False, 'no_beamable_mm': False, 'lenpen': 1.0, 'unkpen': 0.0, 'replace_unk': None, 'sacrebleu': False, 'score_reference': False, 'prefix_size': 0, 'no_repeat_ngram_size': 0, 'sampling': False, 'sampling_topk': -1, 'sampling_topp': -1.0, 'constraints': None, 'temperature': 1.0, 'diverse_beam_groups': -1, 'diverse_beam_strength': 0.5, 'diversity_rate': -1.0, 'print_alignment': None, 'print_step': False, 'lm_path': None, 'lm_weight': 0.0, 'iter_decode_eos_penalty': 0.0, 'iter_decode_max_iter': 10, 'iter_decode_force_max_iter': False, 'iter_decode_with_beam': 1, 'iter_decode_with_external_reranker': False, 'retain_iter_history': False, 'retain_dropout': False, 'retain_dropout_modules': None, 'decoding_format': None, 'no_seed_provided': False}, 'common': {'_name': None, 'no_progress_bar': False, 'log_interval': 100, 'log_format': None, 'log_file': None, 'tensorboard_logdir': None, 'wandb_project': None, 'azureml_logging': False, 'seed': 1, 'cpu': False, 'tpu': False, 'bf16': False, 'memory_efficient_bf16': False, 'fp16': False, 'memory_efficient_fp16': False, 'fp16_no_flatten_grads': False, 'fp16_init_scale': 128, 'fp16_scale_window': None, 'fp16_scale_tolerance': 0.0, 'on_cpu_convert_precision': False, 'min_loss_scale': 0.0001, 'threshold_loss_scale': None, 'amp': False, 'amp_batch_retries': 2, 'amp_init_scale': 128, 'amp_scale_window': None, 'user_dir': '/gpfs/projects/bsc88/speech/research/repos/av_hubert/avhubert', 'empty_cache_freq': 0, 'all_gather_list_size': 16384, 'model_parallel_size': 1, 'quantization_config_path': None, 'profile': False, 'reset_logging': False, 'suppress_crashes': False, 'use_plasma_view': False, 'plasma_path': '/tmp/plasma'}, 'common_eval': {'_name': None, 'path': '/gpfs/projects/bsc88/speech/research/repos/av_hubert/avhubert/checkpoints/AVSR_Finetuned_Models/Spanish_ES/best_ckpt.pt', 'post_process': None, 'quiet': False, 'model_overrides': '{}', 'results_path': '/gpfs/projects/bsc88/speech/research/repos/av_hubert/avhubert/experiment/decode/s2s/valid'}, 'checkpoint': {'_name': None, 'save_dir': 'checkpoints', 'restore_file': 'checkpoint_last.pt', 'continue_once': None, 'finetune_from_model': None, 'reset_dataloader': False, 'reset_lr_scheduler': False, 'reset_meters': False, 'reset_optimizer': False, 'optimizer_overrides': '{}', 'save_interval': 1, 'save_interval_updates': 0, 'keep_interval_updates': -1, 'keep_interval_updates_pattern': -1, 'keep_last_epochs': -1, 'keep_best_checkpoints': -1, 'no_save': False, 'no_epoch_checkpoints': False, 'no_last_checkpoints': False, 'no_save_optimizer_state': False, 'best_checkpoint_metric': 'loss', 'maximize_best_checkpoint_metric': False, 'patience': -1, 'checkpoint_suffix': '', 'checkpoint_shard_count': 1, 'load_checkpoint_on_all_dp_ranks': False, 'write_checkpoints_asynchronously': False, 'model_parallel_size': 1}, 'distributed_training': {'_name': None, 'distributed_world_size': 1, 'distributed_num_procs': 1, 'distributed_rank': 0, 'distributed_backend': 'nccl', 'distributed_init_method': None, 'distributed_port': -1, 'device_id': 0, 'distributed_no_spawn': False, 'ddp_backend': 'pytorch_ddp', 'ddp_comm_hook': 'none', 'bucket_cap_mb': 25, 'fix_batches_to_gpus': False, 'find_unused_parameters': False, 'gradient_as_bucket_view': False, 'fast_stat_sync': False, 'heartbeat_timeout': -1, 'broadcast_buffers': False, 'slowmo_momentum': None, 'slowmo_base_algorithm': 'localsgd', 'localsgd_frequency': 3, 'nprocs_per_node': 1, 'pipeline_model_parallel': False, 'pipeline_balance': None, 'pipeline_devices': None, 'pipeline_chunks': 0, 'pipeline_encoder_balance': None, 'pipeline_encoder_devices': None, 'pipeline_decoder_balance': None, 'pipeline_decoder_devices': None, 'pipeline_checkpoint': 'never', 'zero_sharding': 'none', 'fp16': False, 'memory_efficient_fp16': False, 'tpu': False, 'no_reshard_after_forward': False, 'fp32_reduce_scatter': False, 'cpu_offload': False, 'use_sharded_state': False, 'not_fsdp_flatten_parameters': False}, 'dataset': {'_name': None, 'num_workers': 0, 'skip_invalid_size_inputs_valid_test': False, 'max_tokens': 1000, 'batch_size': None, 'required_batch_size_multiple': 8, 'required_seq_len_multiple': 1, 'dataset_impl': None, 'data_buffer_size': 10, 'train_subset': 'train', 'valid_subset': 'valid', 'combine_valid_subsets': None, 'ignore_unused_valid_subsets': False, 'validate_interval': 1, 'validate_interval_updates': 0, 'validate_after_updates': 0, 'fixed_validation_seed': None, 'disable_validation': False, 'max_tokens_valid': 1000, 'batch_size_valid': None, 'max_valid_steps': None, 'curriculum': 0, 'gen_subset': 'valid', 'num_shards': 1, 'shard_id': 0, 'grouped_shuffling': False, 'update_epoch_batch_itr': False, 'update_ordered_indices_seed': False}, 'override': {'_name': None, 'noise_wav': None, 'noise_prob': 0.0, 'noise_snr': 0.0, 'modalities': ['video', 'audio'], 'data': '/gpfs/projects/bsc88/speech/research/repos/av_hubert/avhubert/data/datasets/dataset_ES/LIP_RTVE/model_data', 'label_dir': '/gpfs/projects/bsc88/speech/research/repos/av_hubert/avhubert/data/datasets/dataset_ES/LIP_RTVE/model_data', 'labels': ['wrd'], 'eval_bleu': False, 'tokenizer_bpe_model': '/gpfs/projects/bsc88/speech/research/repos/av_hubert/avhubert/checkpoints/AVSR_Finetuned_Models/Spanish_ES/tokenizer.model', 'use_normalizer': True}, 'is_ax': False}
[2024-11-07 20:13:04,032][avhubert.hubert_pretraining][INFO] - Using tokenizer
[2024-11-07 20:13:04,070][avhubert.hubert_dataset][INFO] - max_keep=1000, min_keep=0, loaded 2548, skipped 0 short and 0 long and 0 unaligned, longest-loaded=395, shortest-loaded=23
[2024-11-07 20:13:04,071][avhubert.hubert_dataset][INFO] - /gpfs/projects/bsc88/speech/research/repos/av_hubert/avhubert/data/datasets/dataset_ES/LIP_RTVE/model_data/valid.wrd is sequence label. skipped
[2024-11-07 20:13:04,071][avhubert.hubert_dataset][INFO] - image transform: Compose(
    Normalize(mean=0.0, std=255.0)
    <avhubert.utils.CenterCrop object at 0x7f81954052b0>
    Normalize(mean=0.421, std=0.165)
)
[2024-11-07 20:13:04,071][avhubert.hubert_dataset][INFO] - pad_audio=True, random_crop=False, normalize=True, max_sample_size=500, seqs2seq data=True,
[2024-11-07 20:13:04,071][avhubert.hubert_dataset][INFO] - Noise wav: None->0 wav, Prob: 0.0, SNR: 0.0, Number of mixture: 1
[2024-11-07 20:13:06,335][hybrid.speech_recognize][INFO] - 
REF:australia ha faltado gravemente a la proteccion de los ninos durante decadas es lo que afirma la comision que ha investigado abusos a menores ocho mil victimas han acusado instituciones religiosas escuelas orfanatos y tambien clubes deportivos
HYP:australia ha faltado gravemente a la proteccion de los ninos durante decadas es lo que afirma la comision que ha investigado abusos a menores 8000 victimas han acusado instituciones religiosas escuelas orfanatos y tambien clubes deportivos

[2024-11-07 20:13:06,341][hybrid.speech_recognize][INFO] - 
REF:en el caso de venezuela afecta a las autoridades de ese pais y tambien a sus familias sin embargo hay varios procesos judiciales en marcha en otros organos en otros juzgados relacionados con el veto 0 los vetos migratorios del presidente de los estados unidos
HYP:en el caso de venezuela afecta a las autoridades desde pais y tambien a sus familias sin embargo hay varios procesos judiciales en marcha en otros organos en otros jurgados relacionados con el beto 0 los vetos migratorios del presidente de los estados unidos

[2024-11-07 20:13:07,008][hybrid.speech_recognize][INFO] - 
REF:campana contra el abuso del alcohol en el reino unido fijense la red de transportes y la policia britanica difunden una serie de videos grabados con sus propias camaras de seguridad para mostrar al publico las barbaridades y los accidentes que puede provocar el consumo abusivo de alcohol
HYP:campana contra el abuso del alcohol en el reino unido fijense de la red de transportes y la policia britenica difunden una serie de videos grabados con sus propias camaras de seguridad para mostrar el publico las barbaridades y los accidentes que puede provoca

[2024-11-07 20:13:07,013][hybrid.speech_recognize][INFO] - 
REF:donde ha estado hasta ahora segun el director del museo de lleida seguramente perdieron su referencia cuando hicieron obras alli en el ano dos mil doce ahora ya la han traido aqui la guardan en el museo y han avisado al juzgado de huesca y esperan instrucciones
HYP:despues hasta ahora segun el director del museo de yada seguramente perdieron su referencia cuando hicieron obras alli en el ano 2012 ahora ya la han traido aqui la guardan en el museo y han avisado al juzgado de huesca y esperan instrucciones

[2024-11-07 20:13:07,604][hybrid.speech_recognize][INFO] - 
REF:en ese tramo unos ochenta kilometros por hora y que el pasa nivel no era considerado particularmente peligroso pero habra que esperar a los resultados de la investigacion que acaba de comenzar y de momento el trafico ferroviario sigue interrumpido
HYP:en ese tramo unos 80 km h que el paso nivel no era considerado particularmente peligroso pero habra que esperar a los resultados de la investigacion que acaba de comenzar y de momento el trafico ferroviario sigue interrumpido

[2024-11-07 20:13:07,608][hybrid.speech_recognize][INFO] - 
REF:se fue de bruselas con el visto bueno de los veintisiete a los acuerdos de la primera fase del brexit aunque hay reticencias may ha reiterado que abandonara la union en marzo de dos mil diecinueve y que se empezara a negociar inmediatamente la segunda fase
HYP:se fue de bruselas con el visto bueno de los 27 a los acuerdos de la primera fase del brexit aunque hay reticencias me ha reiterado que abandonar a la union en marzo de 2019 y que se empezara a negociar inmediatamente la segunda fase

[2024-11-07 20:13:08,294][hybrid.speech_recognize][INFO] - 
REF:el real madrid por cierto que ha decidido fichar en enero otro protagonista hemos hablado en valdebebas con sergio ramos considera diciembre como decimos un mes clave para el real madrid por el mundial de clubes y tambien por el clasico con el futbol club barcelona
HYP:en el real madrid por cierto que ha decidido fichar en enero otro protagonista estamos hablado en valde bebas con sergio ramos considera diciembre como decimos un mes clave para el real madrid por el mundial de clubes y tambien por el clasico con el futbo

[2024-11-07 20:13:08,299][hybrid.speech_recognize][INFO] - 
REF:del pasado uno de octubre porque segun la investigacion este punto esta localizacion seria clave para esos preparativos del uno de octubre porque la generalitat los podria haber contratado para realizar los envios de hecho no es el primer registro que se hace
HYP:de hecho el pasado uno de octubre porque segun la investigacion este punto esta localizacion seria clave para esos preparativos del uno de octubre porque la generalizat los podria haber contratado para realizar los envios de hecho no es el primer registro que se hace

[2024-11-07 20:13:08,946][hybrid.speech_recognize][INFO] - 
REF:si porque con ese cambio de giro en la estrategia quedan abiertos todos los escenarios el de una investidura telematica a ultima hora y tambien el de intentar incluso una investidura presencial en cualquier caso
HYP:si porque con ese cambio de giro en la estrategia que dan abiertos todos los escenarios el de una investigura telematica a ultima hora y tambien el de intentar incluso una investigura presencial en cualquier caso

[2024-11-07 20:13:08,949][hybrid.speech_recognize][INFO] - 
REF:a su finalizacion todos como digo se van a trasladar hasta este restaurante donostiarra para mantener un encuentro una cena esperemos poder hablar con el y conocer en primera persona la postura del presidente de la federacion espanola de futbol
HYP:a sufinalizacion todos como digo se van a trasladar hasta este restaurantedo nos que hara para mantener un encuentra una cena esperemos poder hablar con el y conocer en primera persona la postura del presidente de la federacion espanola de futbol

[2024-11-07 20:13:09,592][hybrid.speech_recognize][INFO] - 
REF:instituciones penitenciarias ha decidido trasladar al presunto asesino de dos guardias civiles y a un ganadero desde la carcel de teruel a la de zuera por razones de seguridad y aunque estaba previsto su traslado hoy no se ha producido aun
HYP:en instituciones penitenciarias ha decidido trasladar al presunto asesino de dos guardias civiles y un ganadero desde la carcel de teruel a la dezuera por razones de seguridad y aunque estaba previsto su traslado hoy no se ha producido aun

[2024-11-07 20:13:09,597][hybrid.speech_recognize][INFO] - 
REF:paris se ha echado a la calle para dar su ultimo adios a su idolo nacional el rockero johnny hallyday fallecido esta semana a los setenta y cuatro anos ha estado el presidente de francia emmanuel macron el ha sido el que ha presidido la ceremonia religiosa
HYP:parece ha echado a la calle para dar su ultimo adios a su idolo nacional el roquero johny holedey fallecido a esta semana a los 74 anos ha estado el presidente de francia manuel macronel ha sido el que ha presidido de la ceremonia religiosa

[2024-11-07 20:13:10,302][hybrid.speech_recognize][INFO] - 
REF:desde bruselas en la rueda de prensa posterior al ultimo consejo europeo del ano mariano rajoy ha vuelto a insistir en la necesidad de que despues del veintiuno de diciembre se recupere la normalidad en cataluna tambien ha hablado de los indultos politicos
HYP:y desde bruselas en la rueda de prensaposterior al ultimo consejo europeo del ano marian orajoya vuelto a insistir en la necesidad de que despues del 21 de diciembre se recupere la normalidad en cataluna tambien ha hablado de los indultos politicos

[2024-11-07 20:13:10,308][hybrid.speech_recognize][INFO] - 
REF:otro asunto la jueza de zaragoza ha enviado a prision provisional sin fianza a rodrigo lanza el presunto agresor de victor lainez el hombre que ha muerto despues de recibir una paliza por llevar unos tirantes con la bandera de espana
HYP:otro asunto la jueza de salagoza ha enviado a prision provisional sin fianza rodrigo lanza el presunto agresor de victor line del hombre que ha muerto despues de recibir una paliza por llevar unos tirantes con la bandera de espana

[2024-11-07 20:13:10,313][hybrid.speech_recognize][INFO] - 
REF:a esta cena que tuvo lugar en un exclusivo hotel de londres acudieron unos trescientos sesenta hombres de negocios del mundo de las finanzas y de la politica se trataba de un destacado acto social que tenia como objetivo recaudar fondos con fines beneficos
HYP:a esta cena que tuvo lugar en un exclusivo hotel de londres acudieron unos 360 hombres de negocios del mundo de las finanzas y de la politica se trataba de un destacado acto social que tenia como objetivo recaudar fondos con fines beneficos

[2024-11-07 20:13:11,048][hybrid.speech_recognize][INFO] - 
REF:a esta hora se celebra en bruselas la ultima reunion del consejo europeo de este ano y el brexit y la crisis migratoria vuelven a ser los temas principales precisamente las cuotas de inmigrantes son de nuevo uno de los temas mas polemicos
HYP:a esta hora se celebra en bruselas la ultima reunion del consejo europeo de este ano y el brexit y la crisis migratoria vuelven a ser los temas principales precisamente las cutas del inmigrantes son de nuevo uno de los temas mas polemicos

[2024-11-07 20:13:11,053][hybrid.speech_recognize][INFO] - 
REF:un hombre de setenta y cuatro anos que ha sido denunciado segun apuntan diferentes medios por un chico de quince anos dice que fue sometido a abusos sexuales por parte del director de orquesta cuando este rondaba los cuarenta anos
HYP:iba en un hombre de 74 anos que ha sido anunciado segun apunta en diferentes medios por un chico de 15 anos dice que fue sometido abusos sexuales por parte del director de orquesta cuando se rondaba los 40 anos

[2024-11-07 20:13:11,059][hybrid.speech_recognize][INFO] - 
REF:a las siete de la tarde ha cerrado aqui en el congreso de los diputados la capilla ardiente por el ex presidente del congreso manuel marin uno de los ultimos en acercarse hasta aqui ha sido el presidente del gobierno mariano rajoy recien llegado desde londres rajoy ha dado el pesame
HYP:a las 7 de la tarde acerrado aqui en el congreso de los diputados la capilla ardiente por el espresidente del congreso manuel marin uno de los ultimos en acercas hasta aqui ha sido el presidente del gobierno marian rajoy recien llegado desde londres

[2024-11-07 20:13:11,686][hybrid.speech_recognize][INFO] - 
REF:el club balonmano bolanos de la tercera categoria ha informado del fallecimiento de su jugador argentino augusto german cochicastro su cuerpo ha sido hallado en el muelle del puerto de la cruz en tenerife esta manana
HYP:el club a los mano bolanos de la tercera categoria ha informado del fallecimiento de su jugador argentino augusto german cotzicastro su cuerpo ha sido hallado en el muelle del puerto de la cruz en tenerife esta manana

[2024-11-07 20:13:11,689][hybrid.speech_recognize][INFO] - 
REF:ha estado dos veces en la carcel por robos siempre con violencia la ultima condena fue de ocho anos pero le liberaron le soltaron antes de cumplirla por buena conducta aunque poco despues
HYP:ha estado dos veces en la carcel por robos siempre con violencia la ultima condena fue de ocho anos pero le liberaron soltaron antes de cumplirla por buena conducta aunque poco despues

[2024-11-07 20:13:11,692][hybrid.speech_recognize][INFO] - 
REF:la bienvenida al reino de espana cuando tenga la valentia cuando tenga la gallardia de enfrentarse a la justicia por vulnerar nuestra ordenamiento judicial
HYP:es la bienvenida al reino de espana cuando tenga la valentia cuando tenga la gallar dia defrentarse a la justicia polvulnera nuestra ordenamiento judicial

[2024-11-07 20:13:12,183][hybrid.speech_recognize][INFO] - 
REF:al parecer se ha parecido un accidente de autobus en una carretera al este del pais cerca de la zona maya muy popular entre los turistas bien pues todavia no hay cifras oficiales
HYP:mexico al parecer se ha producido un accidente de autobus en una carretera al este del pais cerca de la zona maya muy popular entre los turistas pues todavia no hay cifras oficiales

[2024-11-07 20:13:12,186][hybrid.speech_recognize][INFO] - 
REF:aparte de las discrepancias sobre el dinero para saldar las cuentas otro escollo importante es la solucion para la frontera entre la republica de irlanda e irlanda del norte la provincia que pertenece al reino unido
HYP:aparte de las discrepancias sobre el dinero para saldar las cuentas otro escollo importante es la solucion para la frontera entre la republica de irlanda del norte la provincia que pertenece al reino unidor

[2024-11-07 20:13:12,189][hybrid.speech_recognize][INFO] - 
REF:segun ese auto la jueza recoge que la chica de quince anos habria ratificado su denuncia de forma coherente sin caer ni en ambiguedades ni en contradicciones
HYP:la segun ese auto la jueza recoge que la chica de 15 anos habria ratificado su denuncia de forma coherente sin caer ni en ambiguedades ni en contradicciones

[2024-11-07 20:13:12,658][hybrid.speech_recognize][INFO] - 
REF:que todo el departamento esta abatido por esta muerte segun sus palabras por causas naturales en acto de servicio tambien muchisimos companeros de profesion tambien mucha gente joven amigos
HYP:que todo el departamento esta batido por esta muerte segun sus palabras por causas naturales en acto de servicio tambien muchisimos companeros de profesion tambien mucha gente joven amigos

[2024-11-07 20:13:12,661][hybrid.speech_recognize][INFO] - 
REF:decir que siguen defendiendo que puigdemont tiene legitimidad para ser presidente pero si hay dificultades si hay adversidades habria que plantear la posibilidad de un candidato alternativo asi estan las cosas
HYP:para decir que siguen defendiendo que pullamon tiene legitimidad para ser presidente pero si hay dificultades y hay adversidades habria que plantear la posibilidad de un candidato alternativo asi estan las cosas

[2024-11-07 20:13:12,664][hybrid.speech_recognize][INFO] - 
REF:es un oleo sobre tela del siglo dieciocho que representa la inmaculada vino aqui con el resto del conjunto de obras de sijena en el ano mil novecientos setenta y paso a decorar el palacio episcopal
HYP:es un oleo sobre tela del siglo xviii que representa la inmaculada vino aqui con el resto del conjunto de obras de exigena en el ano 1970 y paso de corar el paracio de piscopal

[2024-11-07 20:13:13,155][hybrid.speech_recognize][INFO] - 
REF:el ayuntamiento de madrid ha decidido limitar el numero de personas que van a poder tomar las uvas este ano en la puerta del sol por motivos de seguridad en breve se van a reunir con la delegacion del gobierno
HYP:el ayuntamiento de madrid ha decidido limitar el numero de personas que van a poder tomar las uvas este ano en la puerta del sol por motivos de seguridad en breve se van a reunir con la delegacion del gobierno

[2024-11-07 20:13:13,158][hybrid.speech_recognize][INFO] - 
REF:tenemos temperaturas de veintisiete grados en localidades como elche 0 como lliria claro esto este buen tiempo del que se disfruta en la zona de la costa tiene una contrapartida en las zonas del interior
HYP:tenemos temperatura de 27 grados en localidades como elche 0 como gilria claro esto este buen tiempo del que se disfruta en la zona de la costa tiene una contrapartida en las zonas del interior

[2024-11-07 20:13:13,161][hybrid.speech_recognize][INFO] - 
REF:suerte bueno de un clasico de navidad a otro quedan cuatro dias para el sorteo extraordinario de la loteria que va a repartir dos mil trescientos ochenta millones de euros
HYP:habia que suerte de un clasico de navidad a otro que dan cuatro dias para el sorteo extraordinario de la loteria que va a repartir 2380 millones de euros

[2024-11-07 20:13:13,690][hybrid.speech_recognize][INFO] - 
REF:preventiva hay que recordar que este caso sale a la luz a raiz de un parte del hospital de ubeda cuyo servicio de urgencias habia atentido al nino pero que no ha sido hasta el dia de hoy
HYP:esta preventiva hay que recordar que este caso sale a la luz a raiz de un parte del hospital de ubeda cuyo servicio de urgencias habia atendido al nino pero que no ha sido hasta el dia de hoy

[2024-11-07 20:13:13,693][hybrid.speech_recognize][INFO] - 
REF:aviso amarillo esta tarde con olas de cuatro a cinco metros y durara hasta manana al mediodia pero la ola mas grande de la jornada aqui en el principado ha tenido lugar en gijon con casi trece metros de altura
HYP:habeis un amarillo esta tarde con holas de 4 a 5 metros y durara esta manana al mediodia pero la ola mas grande de la jornada aqui en el principado ha tenido lugar en gijon con casi 13 metros de altura

[2024-11-07 20:13:13,696][hybrid.speech_recognize][INFO] - 
REF:ha sido encontrado por casualidad por una persona que estaba paseando por la zona equipada con un detector de metales el pasado dia treinta y uno en un bosque
HYP:ha sido encontrado por casualidad por una persona que estaba paseando por la zona equipada con un detector de metales el pasado dia 31 en un bosque

[2024-11-07 20:13:14,204][hybrid.speech_recognize][INFO] - 
REF:seguramente perdieron su referencia cuando hicieron obras alli en el ano dos mil doce ahora ya la han traido aqui la guardan en el museo y han avisado al juzgado de huesca y esperan instrucciones
HYP:seguramente perdieron su referencia cuando hicieron obras alli en el ano 2012 ahora ya la han traido aqui la guardan en el museo y han avisado al cuidado de huesca y esperan instrucciones

[2024-11-07 20:13:14,207][hybrid.speech_recognize][INFO] - 
REF:al reino de espana cuando tenga la valentia cuando tenga la gallardia de enfrentarse a la justicia por vulnerar nuestra ordenamiento judicial
HYP:hay al reino de espana cuando tenga la valentia cuando tenga la gallar dia defrentarse a la justicia polvulnera nuestro ordenamiento judicial

[2024-11-07 20:13:14,210][hybrid.speech_recognize][INFO] - 
REF:presentara batalla legal a traves de un comunicado esta empresa con sede en irlanda se justifica alegando que solo el ano pasado por ejemplo su actividad aporto unos quinientos millones de euros a la economia balear
HYP:si presentara batalla legal a traves de un comunicado esta empresa con sed de en irlanda se justifica legando que solo el ano pasado por ejemplo su actividad por todos 500 millones de euros a la economia valear

[2024-11-07 20:13:14,753][hybrid.speech_recognize][INFO] - 
REF:prision provisional comunicada y sin fianza esta manana ha declarado aqui en estos juzgados de plaza de castilla y de aqui ha sido trasladado ya a prision casi con toda probabilidad la prison del soto del real
HYP:prision provisional comunicada y sinfianza esta manana declarado aqui en estos jurgados de plaza de castilla y de aqui ha sido trasladado ya a prision casi con toda probabilidad la presion de soto del real

[2024-11-07 20:13:14,757][hybrid.speech_recognize][INFO] - 
REF:y en un encuentro que acaba de finalizar el sevilla ha derrotado al deportivo de la a coruna por dos goles a cero y se coloca en la cuarta posicion en la liga los goles han sido obra de ben yedder y krohn dehli
HYP:y en un encuentro que acaba de finalizar el sevilla derrotado al deportivo de la coruna por dos goles a cero y se coloca la cuarta posicion en la liga los goles han sido obra de benger y crom delhi

[2024-11-07 20:13:14,760][hybrid.speech_recognize][INFO] - 
REF:ha dicho la justicia italiana pedira incluso su extradicion aunque no sabemos cuando sera eso porque parece que la justicia espanola no va a conceder ninguna extradicion hasta que se le procese por lo que se le acusa en espana
HYP:os ha dicho la justicia italiana pedira incluso su extradicion que no sabemos cuando sera eso porque parece que la justicia espanola no va a conceder ninguna extradicion hasta que se le procese por lo que se le acusa en espana

[2024-11-07 20:13:15,289][hybrid.speech_recognize][INFO] - 
REF:conectan madrid con barcelona valencia y alicante y es que las lineas de alta velocidad deben limitar su velocidad por el peligro de la nieve llegando en algunos puntos a los ciento sesenta kilometros por hora que seria
HYP:que conecta en madrid con barcelona valencia y alicante y es que las linas de alta velocidad deben limitar su velocidad por el peligro de la nieve llegando en algunos puntos a los 160 km h que seria

[2024-11-07 20:13:15,291][hybrid.speech_recognize][INFO] - 
REF:con un traumatismo craneoencefacilo problemas tambien en torre vieja los bomberos en esa localidad han tenido que rescatar a una mujer de una terraza de un decimo piso
HYP:si con un traumatismo cranioencefalico problemas tambien en torrevieja los bomberos en esa localidad han tenido que rescatar a una mujer de una terraza de un decimo piso

[2024-11-07 20:13:15,294][hybrid.speech_recognize][INFO] - 
REF:forn y sanchez han asegurado al juez incluso que dejaran su escano si su partido junts per cataluna decide optar por la via unilateral
HYP:forg y sanchez han asegurado al juez incluso que dejaran su escano si su partido juns per cataluna decide optar por la via unilateral

[2024-11-07 20:13:15,818][hybrid.speech_recognize][INFO] - 
REF:otro protagonista hemos hablado en valdebebas con sergio ramos considera diciembre como decimos un mes clave para el real madrid por el mundial de clubes y tambien por el clasico con el futbol club barcelona
HYP:otro protagonista hemos hablado en valde bebas consergio ramos considera diciembre como decimos un mes clave para el real madrid por el mundial de clubes y tambien por el clasico con el futbol club arcelona

[2024-11-07 20:13:15,821][hybrid.speech_recognize][INFO] - 
REF:y alicante y es que las lineas de alta velocidad deben limitar su velocidad por el peligro de la nieve llegando en algunos puntos a los ciento sesenta kilometros por hora que seria casi la mitad de su ritmo habitual
HYP:y alicante y es que las linas de alta velocidad deben limitar su velocidad por el peligro de la nieve llegando en algunos puntos a los 160 km h que seria casi la mitad de su ritmo habitual

[2024-11-07 20:13:15,824][hybrid.speech_recognize][INFO] - 
REF:donde los turpin mortificaban a sus trece hijos chicos y chicas de edades comprendidas entre los dos y los veintinueve anos y que han vivido sometidos a la violencia de sus padres
HYP:donde los turping mortificaban a sus 13 hijos y chicas de edades comprendidas entre los 2 y los 29 anos y que han vivido sometidos a la violencia de sus padres

[2024-11-07 20:13:16,365][hybrid.speech_recognize][INFO] - 
REF:en el interior de un avion en el aeropuerto de madrid barajas cuando pretendia salir del pais y volar a argentina el detenido tiene nacionalidad argentina y tiene cincuenta y tres anos por todo ello y como pedia la fiscalia
HYP:en el interior de un avion en el aeropuerto de madribarajas cuando pretendia salir del pais y volar a argentina el detenido tiene nacionalidad argentina y tiene 53 anos por todo ello y como pedia la fiscalia

[2024-11-07 20:13:16,368][hybrid.speech_recognize][INFO] - 
REF:de sesenta y tres anos ha sido localizado esta manana por la guardia civil en la playa del figo aqui en tapia de casariego donde nos encontramos habia desaparecido el pasado martes el cuerpo ha sido hallado sin ropa asi que todo apunta que el mar
HYP:desde 63 anos ha sido localizado esta manana por la guerra civil en la plella del figo aqui en tapia de casariego donde nos encontramos habia desaparecido el pasado martes el cuerpo ha sido dado sin ropa asi que todo apunta que el mar

[2024-11-07 20:13:16,371][hybrid.speech_recognize][INFO] - 
REF:mas de mil escolares hayan podido asistir hoy a clase y como nos decia hace apenas unos minutos martin barreiro la situacion manana aqui en cantabria se preve que continue similar
HYP:que mas de milescolares hayan podido asistir hoy a clase y como nos decia hace apenas unos minutos martin barreiro la situacion manana aqui en cantabria se preve que continue similar

[2024-11-07 20:13:16,865][hybrid.speech_recognize][INFO] - 
REF:en otros quince incluido el puerto de pajares es necesario el uso de cadenas por su parte la autopista de peaje del huerna esta ahora mismo abierta para todo tipo de vehiculos
HYP:y en otros 15 incluido el puerto de pajares es necesario el uso de cadenas por su parte de la autopista de peaje de huerna esta ahora mismo abierta para todo tipo de vehiculos

[2024-11-07 20:13:16,868][hybrid.speech_recognize][INFO] - 
REF:tambien del sur de a coruna en cuanto a los vientos se han superado esta manana los cien kilometros por hora en algunas zonas como es el caso de viveiro lugo
HYP:y tambien del sur de acoruna en cuando los vientos se han suparado esta manana los 100 km por hora en algunas zonas como es el caso de viver 0 lugo

[2024-11-07 20:13:16,871][hybrid.speech_recognize][INFO] - 
REF:ante el plenario ha aprovechado en ese foro mundial para enviar un mensaje de confianza en la economia espanola y decia textualmente para disipar dudas a inversores internacionales sobre la crisis en cataluna
HYP:ante el plenario ha aprovechado en ese foro mundial para enviar un mensaje de confianza en la economia espanola y decia textualmente para discipar dudas a inversores internacionales sobre la crisis en cataluna

[2024-11-07 20:13:17,402][hybrid.speech_recognize][INFO] - 
REF:efectivamente le siguen buscando y ya lo han identificado se trata de un joven ceuti de apenas veinte anos con antencedentes por delitos de robo con fuerza y sobre el que pesaban dos ordenes de detencion
HYP:entonces efectivamente le siguen buscando y ya lo han identificado se trata de un joven ceutil de apenas 20 anos con antecedentes pordelitos de robo con fuerza y sobre el que pesaban dos ordenes de detencion

[2024-11-07 20:13:17,405][hybrid.speech_recognize][INFO] - 
REF:enhorabuena a los hispanos la seleccion se ha clasificado para jugar el domingo la final del europeo de croacia ha derrotado en zagreb por veintisiete veintitres a la de francia tres veces campeona del mundo
HYP:en hora buena los hispanos la seleccion se ha clasificado para jugar el domingo la final del europeo de crobacia ha derrotado en zagrib por 272 a la de francia tres veces campeona del mundo

[2024-11-07 20:13:17,408][hybrid.speech_recognize][INFO] - 
REF:una de ellas ha sido tener que ceder el fundamental ministerio de hacienda a los social democratas una segunda concesion ceder el ministerio del interior igualmente importante a
HYP:y una de ellas ha sido tener que ceder el fundamental ministerio de acienda a los social democratas una segunda concesion ceder el ministerio del interior igualmente importante

[2024-11-07 20:13:17,946][hybrid.speech_recognize][INFO] - 
REF:el ballet clasico de rusia esta de gira hasta finales de enero por diversas provincias con el cascanueces la bella durmiente y el lago de los cisnes desde lisboa llega hoy a madrid
HYP:el valed clasico de rusia esta de gira hasta finales de enero por diversas provincias con el cascanueces en la bella durmiente y el lago de los tisness desde elisboa llega hoy a madrid

[2024-11-07 20:13:17,949][hybrid.speech_recognize][INFO] - 
REF:asturianos sin embargo hay que resaltar que en las ultimas horas ha mejorado la situacion porque el suministro electrico y telefonico ha quedado restablecido por completo en ibias
HYP:asturianos sin embargo hay que resaltar que en las ultimas horas ha mejorado la situacion porque el suministro electrico y telefonico ha quedado restablecido por completo en ibias

[2024-11-07 20:13:17,951][hybrid.speech_recognize][INFO] - 
REF:poco a poco vuelve la normalidad a este aeropuerto del sur de tenerife y esos mil ochocientos pasajeros ya pudieron ser reubicados este mediodia en otros aviones pero la noche aqui ha sido
HYP:tampoco a poco vuelve la normalidad a este aeropuerto del sur de tenerisfe y esos 1800 pasas que ya pudieron ser reubicados este mediodia en otros aviones pero la noche aqui ha sido

[2024-11-07 20:13:18,447][hybrid.speech_recognize][INFO] - 
REF:los tres jugadores niegan esa version de la chica su defensa recordemos tiene de plazo hasta el proximo miercoles ante ese auto de prision
HYP:los tres jugadores niegan esa version de la chica su defensa recordemos tiene de plazo hasta el proximo miercoles para presentar recurso ante ese auto depresion

[2024-11-07 20:13:18,450][hybrid.speech_recognize][INFO] - 
REF:estas personas estos profugos de la justicia puedan ser juzgados por los mismos delitos por los que van a ser juzgados el resto de gobierno 0 del antiguo gobierno
HYP:asi que estas personas estos profugos de la justicia puedan ser julcados por los mismos celitos por los que van a ser julcados el resto de gobierno 0 del antiguo gobierno

[2024-11-07 20:13:18,453][hybrid.speech_recognize][INFO] - 
REF:como decias y se encuentra detenido aqui en la comandancia de la guardia civil de malaga y no se espera que hoy pase a disposicion judicial la victima mariadela tenia cuarenta y cuatro anos
HYP:como decia si se encuentra detenido aqui en la comandancia de la guardia civil de malaga y nos espera que hoy pase a disposicion judicial la victima mariadela tenia 44 anos

[2024-11-07 20:13:18,966][hybrid.speech_recognize][INFO] - 
REF:hoy en el parlamento britanico se ha celebrado una sesion para tratar las noticias falsas relacionadas con por ejemplo el proceso separatista catalan
HYP:soy en el parlamento britanico se ha celebrado una sesion para tratar las noticias falsas relacionadas con por ejemplo el proceso separatista catalan

[2024-11-07 20:13:18,969][hybrid.speech_recognize][INFO] - 
REF:todavia unos mil quienientos asturianos que no disponen de suministro electrico en su hogar la mayoria de estos usuarios se encuentran localizados en la zona occidental de la region
HYP:ahi todavia unos 1500 asturianos que no disponen de suministro electrico en su hogar la mayoria de estos usuarios se encuentran localizados en la zona occidental de la region

[2024-11-07 20:13:18,972][hybrid.speech_recognize][INFO] - 
REF:el autor confeso de la matanza en un colegio de florida nicolas cruz realizo comentarios racistas homofobos y antisemitas en un grupo de seis personas de una red social
HYP:en el autor confeso de la matanza en un colegio de florida nicolas cruz realizo comentarios racistas homofobos y antisemitas en un grupo de seis personas de una red social

[2024-11-07 20:13:19,486][hybrid.speech_recognize][INFO] - 
REF:son bajas temperaturas incluso para lo que es castilla y leon en invierno mas bajas de lo normal por dos razones una por la entrada constante de viento que esta agravando esa sensacion termica
HYP:son bajas temperaturas incluso para lo que es castilla y leon el invierno mas bajas de lo normal por dos razones una por la entrada constante de viento que esta agrabando se sensacion termica

[2024-11-07 20:13:19,489][hybrid.speech_recognize][INFO] - 
REF:en esta feria de arte contemporaneo participan mas de doscientas galerias pero ademas hay representantes de una gran cantidad de instituciones de todo el mundo de museos de fundaciones de espacios
HYP:en esta feria de arte contemporaneo participan mas de 200 galerias pero ademas hay representantes de una gran cantidad de instituciones de todo el mundo de museos de fundaciones de espacios

[2024-11-07 20:13:19,491][hybrid.speech_recognize][INFO] - 
REF:deje de actuar de parte que deje de ser el abogado de parte de una parte de los diputados independentistas que estan pisoteando lo derechos
HYP:que deje de actuar de parte que deje de ser el abogado de parte de una parte de los diputados independentistas que estan pisoteando los derechos de red

[2024-11-07 20:13:20,030][hybrid.speech_recognize][INFO] - 
REF:han opinado que si el ocho por ciento que se pacto para este ano dos mil diecisiete no ha tenido consecuencias negativas sobre el empleo el cuatro por ciento de dos mil dieciocho les parece oportuno y razonable
HYP:prime han copinado que si el 8 que se pacto para este ano 2017 no ha tenido consecuencias negativas sobre el empleo el 4 de 2018 les parece oportuno y razonable

[2024-11-07 20:13:20,033][hybrid.speech_recognize][INFO] - 
REF:segun la encuesta del cis lo estan viendo los independentistas perderian la mayoria absoluta ese es el principal titular perderian los independentistas la mayoria absoluta en el parlamento catalan
HYP:segun la encuesta del cisto estan viendo los independentistas perderian la mayoria absoluta ese es el principal titular perderian los independentistas la mayoria absoluta en el parlamento catalan

[2024-11-07 20:13:20,036][hybrid.speech_recognize][INFO] - 
REF:cuatro los presuntos miembros de esa banda los dos detenidos esta tarde son de nacionalidad espanola y han sido apresados en la localidad de campos al sur de mallorca mientras como apuntabais
HYP:en 4 los presuntos miembros en de sabanda los detenidos esta tardes son de nacionalidad espanola y han sido apresados en la localidad de campos al sur de mayor que a mientras como apunta vais

[2024-11-07 20:13:20,546][hybrid.speech_recognize][INFO] - 
REF:aunque para puigdemont tendria este acto un importante valor simbolico el gobierno belga recordemos ya le nego un local para una rueda de prensa cuando llego en noviembre y el parlamento europeo
HYP:aunque para apustemon tendria este acto un importante valor simbolico el gobierno velga recordemos ya lene con local para una rueda de prensa cuando llego de noviembre y el parlamento europeo

[2024-11-07 20:13:20,552][hybrid.speech_recognize][INFO] - 
REF:entre todos han analizado la situacion y ahora trabajan de manera coordinada nos cuentan y estan en permanente contacto para evitar situaciones de caos el ministro ha hablado
HYP:entre todos han analizado la situacion y ahora trabajan de manera coordinada nos cuentan y estan en permanente contacto para evitar situaciones de caos el ministro ha hablado

[2024-11-07 20:13:20,555][hybrid.speech_recognize][INFO] - 
REF:muchos de los subsaharianos que viven aqui tienen este barrio de tanger como un lugar de paso como un refugio provisional antes de intentar de nuevo cruzar a europa
HYP:muchos de los subsaharianos que viven aqui tienen este barrio de tanger como un lugar de paso como un refugio profesional antes de intentar de nuevo cruzar europa

[2024-11-07 20:13:20,963][hybrid.speech_recognize][INFO] - 
REF:los disparos que se produjeron durante el incidente los efectuo la propia policia fueron disparos al aire intimidatorios para que intentar que este hombre dejase de huir cosa
HYP:los disparos que se produjeron durante el incidente los efectuo la propia policia fueron disparos al aire indimidiatorios para intentar que este hombre dejase de oir cosas

[2024-11-07 20:13:20,966][hybrid.speech_recognize][INFO] - 
REF:han sido entre trabajadores de medicos sin fronteras de que tipo de abusos estamos hablando pues bien la organizacion aclara que se trata de comentarios
HYP:ellos han sido entre trabajadores de medicos sin fronteras de que tipo de abusos estamos hablando pues bien la organizacion a clara que se trata de comentarios

[2024-11-07 20:13:20,968][hybrid.speech_recognize][INFO] - 
REF:mas de la mano piden salir de este callejon sin salida con un candidato que respete la ley y tambien a los letrados del parlamento catalan que por cierto el martes
HYP:se llaman mas de la mano piden salir de este callejon sin salida con un candidato que respete la ley y tambien a los letrados del parlamento catalan que por cierto el martes

[2024-11-07 20:13:21,483][hybrid.speech_recognize][INFO] - 
REF:va a tener lugar a las doce del mediodia una concentracion a las puertas del ayuntamiento donde se va a guardar un minuto de silencio en senal de repulsa contra la violencia de genero
HYP:ella va a tener lugar a las 12 del mediodia una concentracion a las puertas del ayuntamiento donde se va a guardar un minuto de silencio en senal de repulsa contra la violencia de genero

[2024-11-07 20:13:21,486][hybrid.speech_recognize][INFO] - 
REF:han decretado dos dias de luto oficial y ademas manana va a tener lugar a las doce del mediodia una concentracion a las puertas del ayuntamiento donde se va a guardar un minuto de silencio
HYP:se le ha recretado dos dias del uto oficial y ademas manana va a tener lugar a las 12 del mediodia a una concentracion a las puertas del ayuntamiento donde se va a guardar un minuto de silencio

[2024-11-07 20:13:21,489][hybrid.speech_recognize][INFO] - 
REF:principado manana se espera que la cota de nieve sea de setecientos metros y el aviso pasara a ser amarillo en este momento como veis continua nevando y estamos a tres grados bajo cero
HYP:principado manana se espera que la cota de nieve sea de 700 m y el aviso pasara a ser amarillo en este momento como veis continuo alevando y estamos a tres grandos bajo cero

[2024-11-07 20:13:21,978][hybrid.speech_recognize][INFO] - 
REF:desde el gobierno el ejecutivo cree que el aplazamiento del pleno de investidura es la consecuencia directa obligada de la actuacion del estado de derecho por la
HYP:y desde el gobierno el ejecutivo cree que el aplazamiento del pleno de investigtura es la consecuencia directa obligada de la actuacion del estado de derecho por la

[2024-11-07 20:13:21,981][hybrid.speech_recognize][INFO] - 
REF:a dos dias para las elecciones catalanas la vicepresidenta del gobierno ha defendido la aplicacion del articulo ciento cincuenta y cinco de la constitucion en una comparecencia ante el senado a peticion propia
HYP:a dos dias para las elecciones catalanas la vicepresidentad del gobierno ha defendido la aplicacion del articulo 155 de la constitucion en una conperencia ante el senado a expeticion propia

[2024-11-07 20:13:21,983][hybrid.speech_recognize][INFO] - 
REF:tambien hay mucha representacion de paises latinoamericanos galerias de alli artistas de alli y tambien representates de algunos de los museos mas importantes
HYP:porque tambien hay mucha representacion de paises latinoamericanos galerias de alli artistas de alli y tambien representantes de algunos de los museos mas importantes

[2024-11-07 20:13:22,534][hybrid.speech_recognize][INFO] - 
REF:ha pasado casi una semana desde la devolucion a sijena de las obras de arte que se encontraban en el museo de lleida y el presidente de la comunidad de aragon ha criticado la actuacion del ministerio de cultura
HYP:ha pasado casi una semana desde la devolucion asi gena de las obras de arte que se encontraban en el moseo de yada y el presidente de la comunidad de aragon ha criticado la actuacion del ministerio de cultura

[2024-11-07 20:13:22,537][hybrid.speech_recognize][INFO] - 
REF:de que se puedan repetir casos similiares de hecho esta misma tarde han vuelto a saltar todas las alarmas por una alerta en un campus universitario en el estado de washington volvemos contigo almudena cuentanos
HYP:de que se puedan repetir casos similares de hecho esta misma tarde ambuelto a sandar todas las alarmas por una alerta en un campus universitario en el estado de washington volvemos contigo al moden a cuentanos

[2024-11-07 20:13:22,541][hybrid.speech_recognize][INFO] - 
REF:obligado a cortar la autovia a sesenta y siete la principal conexion de cantabria con la meseta en estos momentos en ese punto no hay ningun problema si bien es cierto que la situacion va cambiando
HYP:que ha obligado a cortar la autobia a 67 la principal conexion de cantabria con la meseta en estos momentos en ese punto no hay ningun problema si bien es cierto que la situacion va cambiando

[2024-11-07 20:13:22,976][hybrid.speech_recognize][INFO] - 
REF:por la manana nos han ensenado como estaba alli se ha roto parte de la barandilla bancos rotos papeleras senales tambien rotos y desplazados de su sitio hoy otras dos personas
HYP:por la manana nos han ensenado como estaba alli se arroto parte de la barandilla bancos rotos papeleras senales tambien rotos y desplazados de su sitio hoy otras dos personas

[2024-11-07 20:13:22,979][hybrid.speech_recognize][INFO] - 
REF:surgio de forma espontanea hace casi veinte anos y ya se ha convertido en una tradicion que celebran hoy miles de estudiantes esta noche es la nochevieja universitaria en salamanca
HYP:surgio de forma espontanea hace casi 20 anos y ya se ha convertido en una tradicion que celebran hoy miles de estudiantes esta noche es la noche vieja universitaria en salamanca

[2024-11-07 20:13:22,982][hybrid.speech_recognize][INFO] - 
REF:en vilo por guerras fraticidas entre partidos politicos que es lo que sabemos todos y todas que lamentablemente es lo que esta pasando ahora mismo en los despachos
HYP:esta en vilo por guerras franticidas entre partidos politicos que es lo que sabemos todos y todas que lamentablemente es lo que esta pasando ahora mismo en los despachos

[2024-11-07 20:13:23,478][hybrid.speech_recognize][INFO] - 
REF:parece vergonzoso que el ministro de fomento el senor de la serna se dedique a echarle la culpa a una concesionaria cuando son ellos los principales responsables de haber privatizado
HYP:se nos parece ver gonzoso que el ministro de fomento el senor de la serna se dedique a echarle la culpa a una concesionaria cuando son ellos los principales responsables de haber privatizado

[2024-11-07 20:13:23,481][hybrid.speech_recognize][INFO] - 
REF:la mujer recurrio al tribunal de justicia de cataluna donde trabajaba que elevo a su vez el asunto al de la union europea para que dictaminase y la corte de luxemburgo como decia
HYP:la mujer recorrio al tribunal de justicia de cataluna donde trabajaba que elebo a su vez el asunto al de la unio europea para que dictaminase y la corte de luz en burgo como decia

[2024-11-07 20:13:23,483][hybrid.speech_recognize][INFO] - 
REF:vamos ya con la polemica en estados unidos al desvelarse que una aplicacion una aplicacion que se usa para compartir entre entrenamientos deportivos en la red
HYP:vamos con la polemica en estados unidos al desvelarse que una aplicacion que se usa para compartir entre entrenamientos deportivos en la red

[2024-11-07 20:13:23,954][hybrid.speech_recognize][INFO] - 
REF:metros cuadrados en este fitur dos mil dieciocho unas cifras que superan las del ano pasado y para hablar de esas cifras de esta dimension de fitur esta con nosotros el presidente del comite organizador
HYP:metros cuadrados en este efitur 2018 unas cifras que superan las del ano pasado y para hablar de esas cifras de esta dimension de fitur esta con nosotros el presidente del comite organizador

[2024-11-07 20:13:23,957][hybrid.speech_recognize][INFO] - 
REF:mal tiempo esta resultando ser uno de los mejores tiempos posibles para los embalses de castilla y leon que estan viendo como la lluvia y la nieve les estan ayudando a recuperar el nivel despues
HYP:el mal tiempo esta resultando ser uno de los mejores tiempos posibles para los embalses de castilleon que estan viendo como la lluvia era nieve les estan ayudando a recuperar el nivel despues

[2024-11-07 20:13:23,959][hybrid.speech_recognize][INFO] - 
REF:otros datos tambien aseguro que la cifra oficial de heridos fue falsa a la salida de la audiencia nacional ni perez de los cobos ni su abogada
HYP:y otros datos tambien aseguro que la cifra oficial de heridos fue falsa a la salida de la audiencia nacional ni perde los cobos ni su abogada

[2024-11-07 20:13:24,411][hybrid.speech_recognize][INFO] - 
REF:no van a poder circular entre las siete de la manana y las ocho de la tarde habra un preaviso con cuarenta y ocho horas de antelacion que se confirmara antes de veinticuatro horas de su entrada en vigor
HYP:no van a poder circular entre las 7 de la manana y las 8 de la tarde habra un preaviso con 48 horas de antelacion que se confirmara antes de 24 horas de su entrada ambigor

[2024-11-07 20:13:24,414][hybrid.speech_recognize][INFO] - 
REF:solo se cruzarian en el caso de una hipotetica final asi que con este panorama ya hay quien dice aqui en moscu que la mano inocente de maradona ha traido suerte a espana
HYP:solo se cruzarian en el caso de una hipotetica final asi que con este panorama ya hay quien dice aqui en moscu que la mano inocente de maradona ha traido suerte a espana

[2024-11-07 20:13:24,417][hybrid.speech_recognize][INFO] - 
REF:que los dos hicieron una buena presentacion pero el irlandes como decias fue mas convincente y tambien se dice que algunos grupos expresaron reservas sobre luis de guindos esto es
HYP:que los dos hicieron una buena presentacion pero elis grandes fue mas convincente y tambien se dice que algunos grupos expresaron reservas sobre luis de guinnos

[2024-11-07 20:13:24,974][hybrid.speech_recognize][INFO] - 
REF:hasta manana sabado hay trece puertos en los que se hace necesario el uso de cadenas el espesor de la nieve como decias puede alcanzar los treinta y cinco centimetros en la cordillera y picos de europa
HYP:hasta manana sabado hay 13 puertos en los que se hace necesario el uso de cadena ser expresor de la nieve como decias puede alcanzar los 35 centimetros en la cordillena y picos de europa

[2024-11-07 20:13:24,977][hybrid.speech_recognize][INFO] - 
REF:no dan ningun detalle mas dicen que hay que debatirlo que hay que concretarlo con quienes seran sus proximos socios de gobierno asi que no lo van a anunciar en publico pero lo cierto
HYP:no dan ningun detalle mas dicen que hay que debatir lo que hay que concretarlo con quienes seran sus proximos socios de gobierno asi que no lo van a anunciar en publico pero lo cierto

[2024-11-07 20:13:24,980][hybrid.speech_recognize][INFO] - 
REF:fitur dos mil dieciocho cierra edicion batiendo record de visitantes unas doscientas ciencuenta mil personas han pasado por aqui este ano un dos con cinco por ciento mas que en dos mil diecisiete
HYP:fitur 2018 tierra edicion batiendo records de visitantes unas 250 0 personas han pasado por aqui este ano un 25 mas que en 2017

[2024-11-07 20:13:25,460][hybrid.speech_recognize][INFO] - 
REF:el propio estado de nueva york va a financiar de momento mientras siga el cierre de la administracion federal va a finaciar lo que cuesta mantener abiertos estos dos monumentos
HYP:y el propio estado de nueva york va a financiar de momento mientras siga el cierre de la administracion federal va a financiar lo que cuesta mantener abierto estos dos monumentos

[2024-11-07 20:13:25,462][hybrid.speech_recognize][INFO] - 
REF:esta terminado y que debera aclarar si los plazos para la investidura han empezado a correr 0 si por el contrario se mantienen intactos
HYP:0 sea esta terminado y que debera aclarar si los plazos para la investigura han empezado a correr 0 si por el contrario se mantienen intactos

[2024-11-07 20:13:25,465][hybrid.speech_recognize][INFO] - 
REF:un escrito en el que piden una nueva reunion de la junta de portavoces para poner fecha y tambien contenido a ese pleno
HYP:hemos estado un escrito en el que piden una nueva reunion de la junta deporta a voces para poner fecha y tambien contenido a ese pleno

[2024-11-07 20:13:25,467][hybrid.speech_recognize][INFO] - 
REF:y de la costa brava y esta tarde esos chubascos de nieve han continuado pero ya en prelitoral del area de barcelona y del camp de tarragona el ayuntamiento de la capital catalana
HYP:y de la costabrava y esta tarde esos chubas clos de nieve han continuado proya en el prelictoral del area de barcelona y del ayuntamiento de la capital catalana

[2024-11-07 20:13:25,971][hybrid.speech_recognize][INFO] - 
REF:unos dos metros de nieve algo que dificulta enormemente la labor de las quitanieves se espera que manana el temporal pueda darnos una pequena tregua
HYP:y unos 2 metros de nieve algo que dificulta enormemente la labor de las quitanieves se espera que manana al temporal pueda darnos una pequena tregua

[2024-11-07 20:13:25,977][hybrid.speech_recognize][INFO] - 
REF:para una rueda de prensa cuando llego en noviembre y el parlamento europeo le prohibio la entrada pocos dias mas tarde hasta en flandes le ignoran una propuesta para apoyar
HYP:igual para una rueda de prensa cuando llego de noviembre y el parlamento europeo le prohibio la entrada pocos dias mas tardes hasta enflandes lo ignoral una propuesta para apoyar

[2024-11-07 20:13:25,982][hybrid.speech_recognize][INFO] - 
REF:presunto agresor al parecer su pareja sentimental le habria asestado treinta punaladas y despues huyo del lugar de los hechos era detenido de madrugada en marbella
HYP:el presunto agresor al parecer su pareja sentimental le habrias estado 30 puna la dasis de despues cuyo del lugar de los hechos era detenido de madrugada en marvella

[2024-11-07 20:13:25,986][hybrid.speech_recognize][INFO] - 
REF:aunque digan que han abandonado su estrategia y que el hecho de que vayan a presentarse algunos de ellos a las elecciones del veintiuno de diciembre no son motivos suficientes para que queden en libertad
HYP:que aunque digan que han abandonado su estrategia y que el hecho de que vayan a presentar si a algunos de ellos a las elecciones del 21 de diciembre no son motivos suficientes para que queden en libertad

[2024-11-07 20:13:26,534][hybrid.speech_recognize][INFO] - 
REF:en ares del maestrat donde nos encontramos la nieve ha llegado a alcanzar unos veinte centimetros de grosor lo que no ha impedido como podeis comprobar llegar bien por carretera
HYP:en ares del maestrat donde nos encontramos la nieve ha llegado a alcanzar unos 20 centimetros de grosor lo que no ha impedido como podeis comprobar llegar bien por carretera

[2024-11-07 20:13:26,538][hybrid.speech_recognize][INFO] - 
REF:sancionados con multas de hasta cien euros en cambio los coches que si que pueden circular se recomienda que lleven en su vehiculo y de manera visible la pegatina de la dgt
HYP:ser sancionados con multas de hasta hace neuros en cambio los coches que si pueden circular se recomienda que lleven en su vehiculo y de manera visible la pegatina de la tejete

[2024-11-07 20:13:26,541][hybrid.speech_recognize][INFO] - 
REF:en el parlament se sigue como deciais a la espera del informe de los letrados que todo apunta sera entregado manana sabemos
HYP:aqui en el parlamen se sigue como deciais a la espera del informe de los letrados que todo apunta sera entregado manana sabemos

[2024-11-07 20:13:26,545][hybrid.speech_recognize][INFO] - 
REF:el que hara la valoracion que corresponda no solamente de esa agenda sino de toda la documentacion intervenida la posicion del partido socialista en esta materia va a ser siempre
HYP:el que hara la valoracion que corresponda no solamente de esa agenda sino de toda la documentacion intervenida la posicion del partido socialista en este materia va a ser siempre

[2024-11-07 20:13:27,067][hybrid.speech_recognize][INFO] - 
REF:hay cinco carreteras que permanecen cortadas al trafico y son muchos los puertos de montana en los que se precisan las cadenas 0 los neumaticos de invierno para poder transitar
HYP:hay 5 carreteras que permarecen cortadas al trafico y son muchos los puertos de montana en los que se precisan las cadenas a los nomaticos de invierno para poder transitar

[2024-11-07 20:13:27,070][hybrid.speech_recognize][INFO] - 
REF:aquellas organizaciones no gubernamentales que no colaboren en el esclarecimiento para destapar los casos de abusos sexuales y tampoco habra ayudas para aquellas organizaciones
HYP:aquellas organizaciones no gubernamentales que no colaboren en el desclarecimiento para destapar los casos de abusos sexuales y tampoco habra ayudas para aquellas organizaciones

[2024-11-07 20:13:27,073][hybrid.speech_recognize][INFO] - 
REF:se lo avanzabamos en titulares un tren que estaba cubriendo la ruta entre seattle y portland ha descarrilado en un puente y ha caido sobre la autopista hay al menos tres personas muertas y numerosos heridos
HYP:se levanzabamos en titular es un tren que estaba cubriendo la ruta entre siatel y porlan ha descarrilado en un puente y ha caido sobre la autopista y al menos tres personas muertas y numerosos heridos

[2024-11-07 20:13:27,075][hybrid.speech_recognize][INFO] - 
REF:personalidades del mundo de la empresa de la cultura del cine de la gastronomia 0 del periodismo que han sido apartadas 0 cesadas de sus funciones por denuncias de acoso sexual
HYP:esas personalidades del mundo de la empresa de la cultura del cine de la gastronomia 0 del periodismo que han sido apartadas 0 cesadas de sus funciones por denuncias de acoso sexual

[2024-11-07 20:13:27,644][hybrid.speech_recognize][INFO] - 
REF:estamos hablando sobre todo de pisos y apartamentos que se estan publicitando para alquilarse a turistas sin la licencia a que obliga esa ley autonomica aprobada el agosto pasado
HYP:el estamos hablando sobre todo de pisos y apartamentos que se estan publicitando para alquilar seatorista sin la licencia a que obliga en esa ley autonomica aprobada el agosto 0 pasado

[2024-11-07 20:13:27,649][hybrid.speech_recognize][INFO] - 
REF:voy a leerlo textualmente lo primero que hace este comite estatal de coordinacion es pedir perdon a los ciudadanos que hayan podido sufrir algun tipo de incoveniente
HYP:voy a leerlo textualmente lo primero que hace este comite esta tal de coordinaciones pedir perdon a los ciudadanos que hayan podido sufrir algun tipo de inconveniente

[2024-11-07 20:13:27,653][hybrid.speech_recognize][INFO] - 
REF:y a esta hora se entregan en berlin los premios del cine europeo hay ya un premio para un trabajo espanol el film timecode del barcelones juanjo gimenez ha sido distinguido hoy en berlin
HYP:ya hasta ahora se entregan en berlin los premios del cine europeo haya un premio para un trabajo espanol el fin taincon del barcelones juan jogi manez ha sido distinguido hoy en berlin

[2024-11-07 20:13:27,660][hybrid.speech_recognize][INFO] - 
REF:para cumplir la regla de gasto manuela carmena ha cesado al responsable de economia y hay tres concejales que amenazan con abandonar el gobierno municipal porque no aceptan el plan
HYP:no anda para cumplir la regla de gastoma no a la carmen ha acesado al responsable de economia y hay tres concejales que amenazan con abandonar el gobierno municipal porque no aceptan el plan

[2024-11-07 20:13:28,172][hybrid.speech_recognize][INFO] - 
REF:han pedido que de haya una subida de las pensiones mayor al cero coma veinticinco por ciento que la mayoria de los casos supone unos dos euros de media
HYP:han pedido que hay una subida de las pensiones mayor al 5 que la mayoria de los casos supone unos dos euros de media actual

[2024-11-07 20:13:28,176][hybrid.speech_recognize][INFO] - 
REF:convertida ya en icono de la lucha por la causa palestina varias organizaciones pro derechos humanos las naciones unidas e incluso algunas instituciones de la union europea
HYP:convertida de anicono de la lucha por la causa palestina varias organizaciones por derechos humanos las naciones unidas e incluso algunas instituciones de la union europea

[2024-11-07 20:13:28,180][hybrid.speech_recognize][INFO] - 
REF:otro de los presuntos asaltantes se entregaba esta manana aqui en la comandancia de la guardia civil de palma es hermano gemelo del otro presunto asaltante muerto
HYP:otro de los presuntos asaltantes entregado a esta manana aqui en la comantancia de la guardia civil de palma es hermano gemelo del otro presunto asaltante muerto

[2024-11-07 20:13:28,183][hybrid.speech_recognize][INFO] - 
REF:tiene la obligacion la obligacion de respetar las instituciones del estado y el rey es una de las instituciones mas importante
HYP:la obligacion tiene que la obligacion la obligacion de respetar las instituciones del estado y el rey es una de las instituciones mas importantes

[2024-11-07 20:13:28,799][hybrid.speech_recognize][INFO] - 
REF:a la diputada laborista que como decimos fue asesinada en dos mil dieciseis es un mal endemico en este pais se habla de una tragedia silenciosa la de muchos ancianos
HYP:porque a la diputa de laborista que como decimos fue asesinada en 2016 es un mal endemico en este pais se habla de una tragedia silenciosa la de muchos ancianos

[2024-11-07 20:13:28,803][hybrid.speech_recognize][INFO] - 
REF:previsto y muy esperado puesto que no se habia producido esa reunion todavia entre ambos despues de la llegada de macron al eliseo pero como deciais el plato fuerte ha tenido lugar esta manana la intervencion del rey
HYP:previsto y muy esperado puesto que no se habia producido esa reunion todavia entre ambos despues de la llegada de mcron al elicio pero como decia es el plato fuerte ha tenido lugar a esta manana la intervencion del rey

[2024-11-07 20:13:28,807][hybrid.speech_recognize][INFO] - 
REF:los ilustradores y los cartelistas como francisco fernandez zarza mas conocido como jano escribieron la historia del septimo arte a traves de los carteles de cine
HYP:los ilustradores y los cartelistas como francisco fernandez arza mas conocido como jano escribieron la historia del septimo arte a traves de los carteles de cine

[2024-11-07 20:13:28,811][hybrid.speech_recognize][INFO] - 
REF:huir de la justicia recordamos que fue detenido en la madrugada del pasado martes en el interior de un avion en el aeropuerto de madrid barajas cuando pretendia salir del pais y volar a argentina
HYP:de hecho recordamos que fue detenido en la madrugada del pasado martes en el interior de un avion en el aeropuerto de madribarajas cuando pretendia salir del pais y volar a argentina

[2024-11-07 20:13:29,286][hybrid.speech_recognize][INFO] - 
REF:se bloquean cuando todavia tienen en su interior un veinte 0 un cuarenta por ciento de tinta y que reemplazar algunas piezas incluso cuesta mas que comprarse la impresora nueva
HYP:se bloquean cuando todavia tienen en su interior un 200 un 40 de tinta y que reemplazar algunas piezas incluso cuesta mas que comprarse la impresora nueva

[2024-11-07 20:13:29,290][hybrid.speech_recognize][INFO] - 
REF:se trata tambien de un tren talgo espanol el talgo son los vagones pero no la locomotora que ha sido lo que se accidentaba recordemos que talgo es una
HYP:y se trata tambien de un tren talgo espanol el talgo son los bagones pero no la locomotora que ha sido lo que se accidentaba recordemos que talgo es una

[2024-11-07 20:13:29,293][hybrid.speech_recognize][INFO] - 
REF:ong pero insiste en que su investigacion fue exhaustiva y que se informo puntualmente a distintos organismos de control en el parlamento britanico
HYP:ong pero insiste en que su investigacion fue exhaustiva y que se informo puntualmente a distintos organismos de control en el parlamento britanico

[2024-11-07 20:13:29,296][hybrid.speech_recognize][INFO] - 
REF:buenas tardes alvaro pues como bien decias es simplemente una solicitud que pide que se designe a los miembros de la comision
HYP:buenas tardes salvaro pues como bien decias es simplemente una solicitud que pide que se designe a los miembros de la comision

[2024-11-07 20:13:29,835][hybrid.speech_recognize][INFO] - 
REF:0 que se deba a un despido colectivo la sentencia da la razon como decias a bankia que en dos mil trece prescindio de una empleada estando embarazada su despido se produjo
HYP:0 que se deba a un despido colectivo la sentencia da la razon como decia sabanquia que en 2013 prestindio de una empleada estando embarazada su despido se produjo

[2024-11-07 20:13:29,838][hybrid.speech_recognize][INFO] - 
REF:seis casos de agresiones y abusos sexuales confirmados que han terminado con cuatro despidos y dos sanciones
HYP:haceis seis casos de agresiones y abusos sexuales confirmados que han terminado con 4 despidos y dos sanciones

[2024-11-07 20:13:29,841][hybrid.speech_recognize][INFO] - 
REF:es que a partir de ahora lo que preocupa y mucho es esa bajada de temperaturas que se espera y que sobre todo toda la nieve que ha cuajado pueda convertirse en hielo
HYP:y es que a partir de ahora lo que preocupa y mucho es esa bajada de temperaturas que se espera y que sobre todo toda la nieve que ha acuajado pueda convertirse en lleno

[2024-11-07 20:13:29,845][hybrid.speech_recognize][INFO] - 
REF:y otro asunto en la recta final de dos mil diecisiete la red social tuiter hace recuento de las historias y de los personajes que han llenado esa plataforma de vida
HYP:y otro asunto en la recta final de 2017 la red social twitter hace recuento de las historias y de los personajes que han llenado esa plataforma de vida

[2024-11-07 20:13:30,403][hybrid.speech_recognize][INFO] - 
REF:para todo tipo de vehiculos se espera que manana la cota de nieve descienda a los cien metros pudiendo incluso llegar a nevar al nivel del mar
HYP:para todo tipo de vehiculos se espera que manana la cota de nieve descienda a los 100 metros pudiendo incluso llegan a nevar al nivel del mar

[2024-11-07 20:13:30,408][hybrid.speech_recognize][INFO] - 
REF:tras mas de dos anos de bombardeos rusos sobre siria el presidente putin ha pisado por primera vez el pais arabe para entonar el mision cumplida el presidente ruso ha asegurado
HYP:atras mas de dos anos de bombardeo ruso sobre siria el presidente putin ha pisado por primera vez el pais arabe para entonar el mision cumplida el presidente ruso ha asegurado

[2024-11-07 20:13:30,411][hybrid.speech_recognize][INFO] - 
REF:en el mismo dia en el que hemos conocido que desde octubre mas de tres mil empresas han llevado su sede social fuera de cataluna
HYP:desde el mismo dia en el que hemos conocido que desde octubre mas de 3000 empresas han llevado su sede social fuera decataluna

[2024-11-07 20:13:30,415][hybrid.speech_recognize][INFO] - 
REF:se recupera de los golpes sufridos durante el asalto en el hospital de manacor ya ha declarado ante los agentes pero se enfrenta ahora a un posible delito por homicidio imprudente
HYP:se recupera de los golpes en sufridos durante el asalto en el hospital de manacordia declarado ante los agentes pero se enfrenta ahora un posible delito por homicidio imprudente

[2024-11-07 20:13:30,917][hybrid.speech_recognize][INFO] - 
REF:de haber participado en esa campana utilizando todo su poder en las redes para difundir como decimos fake news en torno al independentismo catalan
HYP:imaginense de haber participado en esa campana utilizando todo su poder en las redes para difundir como decimos faignius en torno al independentismo catalan

[2024-11-07 20:13:30,921][hybrid.speech_recognize][INFO] - 
REF:ha faltado gravemente a la proteccion de los ninos durante decadas es lo que afirma la comision que ha investigado abusos a menores ocho mil victimas
HYP:rea faltado gravemente a la proteccion de los ninos durante decadas es lo que afirma la comision que ha investigado abusos a menores 8000 victimas

[2024-11-07 20:13:30,925][hybrid.speech_recognize][INFO] - 
REF:si efectivamente no parece que vaya a alcanzar esa cota no fue record porque la record fue la de mil novecientos diez pero parece que no va a alcanzar esa cota en cualquier caso
HYP:si efectivamente no parece que vaya alcanzar esa gota no fue record porque la record fue la de 1910 pero parece que no alcanzar esa cota en cualquier caso

[2024-11-07 20:13:30,929][hybrid.speech_recognize][INFO] - 
REF:hasta los menos cuatro de maxima aqui en valladolid y en soria son bajas temperaturas incluso para lo que es castilla y leon en invierno mas bajas de lo normal por dos razones una
HYP:hasta los menos 4 de maxima aqui en valladolid y el soria son bajas temperaturas incluso para lo que es castilla y leon en invierno mas bajas de lo normal por dos razones una

[2024-11-07 20:13:31,414][hybrid.speech_recognize][INFO] - 
REF:efectivamente ese es uno de los aspecto que tiene que esclarecer la investigacion que ha iniciado la fiscalia de menores de jaen
HYP:efectivamente ese es uno de los aspectos que tiene que aclarecer la investigacion que ha iniciado la fiscalia de menores de jaen

[2024-11-07 20:13:31,418][hybrid.speech_recognize][INFO] - 
REF:los escandalos en los que se han visto envueltos sus directivos que contrataron prostitutas en haiti y en chad y que pagaron con dinero de la propia organizacion humanitaria
HYP:los escandalos en los que se han visto envuelto sus directivos que contrataron prostitutas en haiti que pagaron con dinero de la propia organizacion humanitaria

[2024-11-07 20:13:31,422][hybrid.speech_recognize][INFO] - 
REF:el ocho por ciento que se pacto para este ano dos mil diecisiete no ha tenido consecuencias negativas sobre el empleo el cuatro por ciento de dos mil dieciocho les parece oportuno y razonable
HYP:y el 8 que se pacto para este ano 2017 no ha tenido consecuencias negativas sobre el empleo el 4 de 2018 les parece oportuno y razonable

[2024-11-07 20:13:31,425][hybrid.speech_recognize][INFO] - 
REF:la prevision es que continue lloviendo tambien que siga soplando con fuerza y es que aqui en toda la comunidad de galicia se han registrado mas de doscientas sesenta
HYP:la prevision es que continue y lloviendo tambien que se gasoplando con fuerza y es que aqui en toda la comunidad de galicias se han registrado mas de 260

[2024-11-07 20:13:31,980][hybrid.speech_recognize][INFO] - 
REF:yo lo que no voy a entrar como he dicho en las consideraciones del juez llarena que lo que quiere es tener una sola causa y juzgarlos a todos
HYP:yo no voy a entrar como he dicho en las consideraciones del jued de arena que lo que quieres tener una sola cauja y juzgarlos a todos

[2024-11-07 20:13:31,984][hybrid.speech_recognize][INFO] - 
REF:ya fue detenido por su relacion con la muerte del seguidor de la real sociedad aitor zabaleta hace diecinueve anos y el atletico de madrid le habia expulsado el ano dos mil uno
HYP:ya fue detenido por su relacion con la muerte del seguidor de la real sociedad y torza valeta hace 19 anos y el atletico de madrid le habia expulsado el ano 2001

[2024-11-07 20:13:31,989][hybrid.speech_recognize][INFO] - 
REF:veinte centimetros en la zona sur occidental y cinco centimetros en la zona central y valles mineros la estacion de esqui de valgrande pajares ha abierto esta manana al publico
HYP:20 centimetros en la zona surocidental y cinco centimetros en la zona central y valleis mineros la estacion de sky de los grandes bajares abierto a esta manana al publico

[2024-11-07 20:13:31,992][hybrid.speech_recognize][INFO] - 
REF:debido a su peligrosidad esta aislado del resto de reclusos come solo sale al patio cuando no hay otros presos y tiene el contacto minimo con los funcionarios
HYP:esta debido a su peligrosidad esta aislado del resto de reclusos come solos al alpatio cuando no hay otros presos y tiene el contacto minimo con los funcionarios

[2024-11-07 20:13:32,384][hybrid.speech_recognize][INFO] - 
REF:todas esas afirmaciones de la defensa de puigdemont son naturalmente interesadas y no tienen ningun fundamento por lo tanto yo
HYP:todas esas afirmaciones de la defensa espultemon son naturalmente interesadas y no tienen ningun fundamento por lo tanto

[2024-11-07 20:13:32,387][hybrid.speech_recognize][INFO] - 
REF:si ya lo estais viendo son muchas las personas que ya estan utilizando estos carriles de autobuses adaptados para los peatones esta manana se ponian los ultimos bolardos
HYP:si ya lo estais viendo son muchas las personas que ya estan utilizando estos carriles de autobuses adaptados para los peatones esta manana se ponian los ultimos volardos

[2024-11-07 20:13:32,392][hybrid.speech_recognize][INFO] - 
REF:lo que tienen que hacer los separatistas es estar mas pendiente de los siete millones y medio de habitantes que hay en cataluna de mas de siete millones de catalanes en lugar de un catalan
HYP:lo que tienen que hacer los separatistas es estar mas pendiente de los 7 millones y medio de habitantes que hay en cataluna de mas de 7 millones de catalanes en lugar de un catalan

[2024-11-07 20:13:32,395][hybrid.speech_recognize][INFO] - 
REF:en estos momentos continuamos con alerta amarilla en la mar con olas que pueden superar los cinco los cinco metros de altura para manana se espera
HYP:en estos momentos continuamos con alerta marilla en lamar con las que pueden superar los cinco metros de altura para manana se espera

[2024-11-07 20:13:32,913][hybrid.speech_recognize][INFO] - 
REF:a partir del nueve de enero como nos acaba de contar nuestra companera en directo comenzaran las declaraciones de los veintidos acusados por este juicio del caso de los eres
HYP:a partir del 9 de enero como nos acaba de contar nuestra companera en directo comenzaran las declaraciones de los 22 acusados por este juicio del caso de los seres

[2024-11-07 20:13:32,916][hybrid.speech_recognize][INFO] - 
REF:a prision casi con toda probabilidad la prision de soto del real y a partir de ahora la investigacion la asume el juzgado de instruccion numero uno de torrejon de ardoz de aqui de madrid
HYP:fui a prision casi con toda probabilidad la presion de soto del real y a partir de ahora la investigacion la asume el juzgado de instruccion numero uno de torrejon de ardoz de aqui de madrid

[2024-11-07 20:13:32,918][hybrid.speech_recognize][INFO] - 
REF:muchos ven en el una referencia velada a los tiempos en los que la localidad era conocida por ser entrada de droga desde colombia
HYP:y muchos ven en el una referencia velada a los tiempos en los que la localidad sera conocida por ser entrada de droga desde colombia

[2024-11-07 20:13:32,921][hybrid.speech_recognize][INFO] - 
REF:solo el ex vicepresidente oriol junqueras y el ex consejero raul romeva se han negado a contestar a la fiscalia los ex consejeros del pdecat
HYP:esos solo el exvice presidente orioll jum queras y el esconsejero raul romeva se han negado a contestar a la fiscalia los exconsejeros del pedekat

[2024-11-07 20:13:33,440][hybrid.speech_recognize][INFO] - 
REF:ifema a traves de un comunicado ha pedido disculpas lamentan dicen la controversia que se ha generado y aseguran que en ningun caso trataban ejercer ningun tipo de censura sobre
HYP:quizas a traves de un comunicado ha pedido disculpas lamentan dicen en la controversia que se ha generado y aseguran que en ningun caso trataban de ejercer ningun tipo de censuras sobre

[2024-11-07 20:13:33,444][hybrid.speech_recognize][INFO] - 
REF:obligada de la actuacion del estado de derecho por la accion del ejecutivo y de los tribunales mariano rajoy ha asegurado esta manana aqui en television espanola
HYP:esta obligada de la actuacion del estado de derecho por la accion del ejecutivo y de los tribunales mariano rajoya ha asegurado de esta manana aqui en tv

[2024-11-07 20:13:33,448][hybrid.speech_recognize][INFO] - 
REF:llega la calma eso si relativa a pesar de todo porque seguimos en aviso amarillo hasta manana por la tarde y porque tenemos que estar siguiendo estando vigilantes a lo que sucede en el mar que
HYP:y llega la calma eso si relativa a pesar de todo porque seguimos en amiso amarillo a esta manera por la tarde y porque tenemos que estar siguiendo estando vigilantes a lo que sucede en el marque

[2024-11-07 20:13:33,451][hybrid.speech_recognize][INFO] - 
REF:en extremadura el temporal tambien se ha dejado notar en puntos de la provincia de caceres lleva varios dias nevando sin parar y estan en alerta amarilla
HYP:esta en extremadura el temporal tambien se ha dejado notar en puntos de la provincia de caceres lleva varios dias nevando sin parar y estan en alerta amarilla

[2024-11-07 20:13:33,971][hybrid.speech_recognize][INFO] - 
REF:si hola buenas tardes david turpin de cincuenta y siete anos y su esposa luis de cuarenta y nueve han comparecido por primera vez ante un tribunal y se han declarado no culpables
HYP:si 0 la buenas tardes se david turpyn de 57 anos y su esposa luis de 49 han comparecido por primera vez ante un tribunal y se han declarado no culpables

[2024-11-07 20:13:33,975][hybrid.speech_recognize][INFO] - 
REF:por las causas judiciales que tiene ahora mismo pendientes manana nuevo presidente del parlament acabara su ronda de consultas con los grupos
HYP:ese por las causas judiciales que tiene ahora mismo pendientes manana a nuevo presidente del parlamen acabara su ronda de consultas con los grupos

[2024-11-07 20:13:33,978][hybrid.speech_recognize][INFO] - 
REF:el estado hara todo lo posible por darles la asistencia toda la asistencia que necesiten en estos momentos tambien ahora esta en esa localidad el primer ministro
HYP:que el estado hara todo lo posible por darles la asistencia a toda la asistencia que necesiten en estos momentos tambien ahora esta en esa localidad el primer ministro

[2024-11-07 20:13:33,982][hybrid.speech_recognize][INFO] - 
REF:sin embargo hay varios procesos judiciales en marcha en otros organos en otros juzgados relacionados con el veto 0 los vetos migratorios del presidente de los estados unidos
HYP:sin embargo hay varios procesos judiciales en marcha en otros organos en otros juzdados relacionados con el beto 0 los vetos migratorios del presidente de los estados unidos

[2024-11-07 20:13:34,469][hybrid.speech_recognize][INFO] - 
REF:que esa brutal fuerza del viento fuera capaz de arrancar tejados de arrancar arboles e incluso de derrumbar paredes aunque eso si afortunadamente nadie salio herido
HYP:que esa brutal fuerza del viento fuera capaz de arrancar arboles e incluso de derrumbar paredes aunque eso si afortunadamente nadie salio herido

[2024-11-07 20:13:34,473][hybrid.speech_recognize][INFO] - 
REF:dependiendo de la meteorologia del momento la red secundaria hay cinco puertos de montana cerrados y practicamente en todo el resto es necesario el uso de cadenas
HYP:dependiendo de la meterologia del momento la red secundaria hay cinco puertos de montana acerrados y practicamente en todo el resto es necesario el uso de cadenas

[2024-11-07 20:13:34,477][hybrid.speech_recognize][INFO] - 
REF:en el aeropuerto de atlanta que es recordemos uno de los mas transitados del mundo con doscientos setenta y cinco mil pasajeros y dos mil quinientos vuelos diarios
HYP:en el aeropuerto de atlanta que es recordemos uno de los mas transitados del mundo con 275 0 pasajeros y 2500 vuelos diarios

[2024-11-07 20:13:34,481][hybrid.speech_recognize][INFO] - 
REF:lamentan desde el partido de carles puigdemont que se hayan tenido que enterar a traves de los medios de comunicacion desde esquerra dicen que han llamado a carles puigdemont pero
HYP:lamentan desde el partido de karlas pullamon que se hayan tenido que enterar a traves de los medios de comunicacion desde que radicen que han llamado a carlas pullamon pero

[2024-11-07 20:13:34,989][hybrid.speech_recognize][INFO] - 
REF:de aludes reconocen haber pasado miedo y comentan que ya habian quedado atrapados en otras ocasiones pero nunca durante tantas horas
HYP:se imagina de aludes reconocen a ver pasado miedo y comentan que ya habian quedado atrapados en otras ocasiones pero nunca durante tontas horas

[2024-11-07 20:13:34,992][hybrid.speech_recognize][INFO] - 
REF:que tomaran tendremos que esperar para manana para saber si finalmente se celebra 0 no este pleno si se propone otro candidato 0 si viene si aparece
HYP:que tomaran tendremos que esperar a manana para saber si finalmente se celebra 0 no este pleno si se propone otro candidato 0 si bienes y aparece

[2024-11-07 20:13:34,994][hybrid.speech_recognize][INFO] - 
REF:a titulo diplomatico aunque si podra hacerlo a titulo personal sobre este tema se ha pronunciado hoy el portavoz del gobierno inigo mendez de vigo quien ha tachado
HYP:a titulo diplomatico aunque si podra hacerlo a titulo personal sobre este tema se ha pronunciado hoy el portavo del gobierno y ningun mende debigo quien ha tachado

[2024-11-07 20:13:34,997][hybrid.speech_recognize][INFO] - 
REF:todo va a estar pendiente de ese congreso extraordinario del partido social democrata que esta convocado para el dia veintiuno de enero en bonn y en el que se teme
HYP:por ejemplo todo va a estar pendiente de ese congreso extraordinario del partido social de mocrata que esta acuvocado para el dia 21 de enero en bon y en el que se teme

[2024-11-07 20:13:35,523][hybrid.speech_recognize][INFO] - 
REF:miembros del comando viajaron a francia en tres ocasiones la ultima vez pocos dias antes del atentado y se hicieron incluso fotografias juntos en la torre eiffel
HYP:que miembros del comando viajaron a francia en tres ocasiones la ultima vez pocos dias antes del atentado y se hicieron incluso fotografias juntos en la torrefel

[2024-11-07 20:13:35,527][hybrid.speech_recognize][INFO] - 
REF:referencias tambien a la situacion en cataluna desde unidos podemos su portavoz en el congreso ha defendido el recurso al articulo ciento cincuenta y cinco de la constitucion
HYP:y referencias tambien a la situacion en cataluna desde un y dos podemos suportamos en el congreso ha defendido el recurso el articulo 155 de la constitucion

[2024-11-07 20:13:35,531][hybrid.speech_recognize][INFO] - 
REF:abrimos el tiempo de deportes con futbol el atletico de madrid ha ganado a las palmas por cero a tres los autores de los goles han sido griezmann fernando torres y tomas
HYP:abrimos el tiempo de deportes con futbol el aletico de madrid ha ganado a las palmas por cera tres los autores de los goles han sido grisman fernando torres y tomas

[2024-11-07 20:13:35,535][hybrid.speech_recognize][INFO] - 
REF:la investigadora y experta en migraciones espanola elena maleno debera comparecer el proximo veintisiete de diciembre ante un tribunal marroqui
HYP:e la investigadora experta en migraciones espanola elena amaleno de ver acomparecer el proximo 27 de diciembre ante un tribunal marroqui

[2024-11-07 20:13:36,096][hybrid.speech_recognize][INFO] - 
REF:que tomen todo tipo de precauciones y que si es posible dejen los viajes para cuando mejoren las condiciones manana a las nueve se levanta la alerta naranja
HYP:es que tomen todo tipo de precauciones y que si es posible dejen los viajes para cuando mejoren las condiciones manana a las nueve se levanta la leyta naranja

[2024-11-07 20:13:36,099][hybrid.speech_recognize][INFO] - 
REF:fecha y tambien contenido a ese pleno un pleno que segun fuentes parlamentarias podria celebrarse la semana que viene
HYP:por ejemplo fecha y tambien contenido a ese pleno un pleno que segun fuentes parlamentarias podria celebrarse la semana que viene

[2024-11-07 20:13:36,103][hybrid.speech_recognize][INFO] - 
REF:lo devolvio a la playa y pudo caer desde unos acantilados de la zona la guardia civil ya habia encontrado previamente unos utensilios unos artilugios de pesca del fallecido
HYP:por ejemplo lo devolvio a la playa y pudo caer desde unos acantilados de la zona el agua recibil que habia encontrado previamente unos utensilios unos actilugios de pesca del fallecido

[2024-11-07 20:13:36,107][hybrid.speech_recognize][INFO] - 
REF:el dialogo entre el gobierno de venezuela y la oposicion continua adelante han avanzado en cuatro de los seis puntos segun ha afirmado el presidente de la republica dominicana
HYP:el dialogo entre el gobierno de venezuela y la oposicion continua adelante han avanzado en 4 de los 6 puntos segun afirmado el presidente de la republica dominicana

